08-Oct-2023 14:36:49.981 INFO [main] org.apache.catalina.core.ApplicationContext.log ContextListener: contextInitialized()
08-Oct-2023 14:36:49.981 INFO [main] org.apache.catalina.core.ApplicationContext.log SessionListener: contextInitialized()
08-Oct-2023 14:36:49.984 INFO [main] org.apache.catalina.core.ApplicationContext.log ContextListener: attributeAdded('StockTicker', 'async.Stockticker@1224e1b6')
08-Oct-2023 15:17:16.653 INFO [main] org.apache.catalina.core.ApplicationContext.log SessionListener: contextDestroyed()
08-Oct-2023 15:17:16.653 INFO [main] org.apache.catalina.core.ApplicationContext.log ContextListener: contextDestroyed()
08-Oct-2023 15:17:55.633 INFO [main] org.apache.catalina.core.ApplicationContext.log ContextListener: contextInitialized()
08-Oct-2023 15:17:55.633 INFO [main] org.apache.catalina.core.ApplicationContext.log SessionListener: contextInitialized()
08-Oct-2023 15:17:55.635 INFO [main] org.apache.catalina.core.ApplicationContext.log ContextListener: attributeAdded('StockTicker', 'async.Stockticker@21abda60')
08-Oct-2023 15:21:40.386 INFO [main] org.apache.catalina.core.ApplicationContext.log SessionListener: contextDestroyed()
08-Oct-2023 15:21:40.386 INFO [main] org.apache.catalina.core.ApplicationContext.log ContextListener: contextDestroyed()
08-Oct-2023 15:22:05.774 INFO [main] org.apache.catalina.core.ApplicationContext.log ContextListener: contextInitialized()
08-Oct-2023 15:22:05.774 INFO [main] org.apache.catalina.core.ApplicationContext.log SessionListener: contextInitialized()
08-Oct-2023 15:22:05.777 INFO [main] org.apache.catalina.core.ApplicationContext.log ContextListener: attributeAdded('StockTicker', 'async.Stockticker@dd20ebc')
08-Oct-2023 17:17:10.422 INFO [main] org.apache.catalina.core.ApplicationContext.log SessionListener: contextDestroyed()
08-Oct-2023 17:17:10.422 INFO [main] org.apache.catalina.core.ApplicationContext.log ContextListener: contextDestroyed()
08-Oct-2023 17:51:58.838 INFO [main] org.apache.catalina.core.ApplicationContext.log ContextListener: contextInitialized()
08-Oct-2023 17:51:58.839 INFO [main] org.apache.catalina.core.ApplicationContext.log SessionListener: contextInitialized()
08-Oct-2023 17:51:58.840 INFO [main] org.apache.catalina.core.ApplicationContext.log ContextListener: attributeAdded('StockTicker', 'async.Stockticker@5f36c8e3')
08-Oct-2023 18:06:17.919 INFO [main] org.apache.catalina.core.ApplicationContext.log SessionListener: contextDestroyed()
08-Oct-2023 18:06:17.919 INFO [main] org.apache.catalina.core.ApplicationContext.log ContextListener: contextDestroyed()
08-Oct-2023 18:35:25.092 INFO [main] org.apache.catalina.core.ApplicationContext.log ContextListener: contextInitialized()
08-Oct-2023 18:35:25.092 INFO [main] org.apache.catalina.core.ApplicationContext.log SessionListener: contextInitialized()
08-Oct-2023 18:35:25.095 INFO [main] org.apache.catalina.core.ApplicationContext.log ContextListener: attributeAdded('StockTicker', 'async.Stockticker@66de00f2')
