14-Oct-2023 16:01:45.908 INFO [main] org.apache.catalina.core.ApplicationContext.log ContextListener: contextInitialized()
14-Oct-2023 16:01:45.908 INFO [main] org.apache.catalina.core.ApplicationContext.log SessionListener: contextInitialized()
14-Oct-2023 16:01:45.910 INFO [main] org.apache.catalina.core.ApplicationContext.log ContextListener: attributeAdded('StockTicker', 'async.Stockticker@73e4387')
14-Oct-2023 16:28:53.353 INFO [main] org.apache.catalina.core.ApplicationContext.log SessionListener: contextDestroyed()
14-Oct-2023 16:28:53.353 INFO [main] org.apache.catalina.core.ApplicationContext.log ContextListener: contextDestroyed()
14-Oct-2023 18:13:54.150 INFO [main] org.apache.catalina.core.ApplicationContext.log ContextListener: contextInitialized()
14-Oct-2023 18:13:54.150 INFO [main] org.apache.catalina.core.ApplicationContext.log SessionListener: contextInitialized()
14-Oct-2023 18:13:54.150 INFO [main] org.apache.catalina.core.ApplicationContext.log ContextListener: attributeAdded('StockTicker', 'async.Stockticker@2997ddfc')
14-Oct-2023 18:28:15.172 SEVERE [http-nio-8080-exec-59] org.apache.catalina.core.ApplicationContext.log Error during mapping
	java.lang.NullPointerException: Cannot read field "path" because "contextVersion" is null
		at org.apache.catalina.mapper.Mapper.internalMapWrapper(Mapper.java:870)
		at org.apache.catalina.mapper.Mapper.map(Mapper.java:725)
		at org.apache.catalina.core.ApplicationContext.getRequestDispatcher(ApplicationContext.java:471)
		at org.apache.catalina.core.ApplicationContextFacade.getRequestDispatcher(ApplicationContextFacade.java:222)
		at org.apache.catalina.connector.Request.getRequestDispatcher(Request.java:1444)
		at org.apache.catalina.connector.RequestFacade.getRequestDispatcher(RequestFacade.java:614)
		at com.controller.Page.processRequest(Page.java:66)
		at com.controller.Page.doGet(Page.java:88)
		at javax.servlet.http.HttpServlet.doHead(HttpServlet.java:245)
		at javax.servlet.http.HttpServlet.service(HttpServlet.java:657)
		at javax.servlet.http.HttpServlet.service(HttpServlet.java:741)
		at org.apache.catalina.core.ApplicationFilterChain.internalDoFilter(ApplicationFilterChain.java:231)
		at org.apache.catalina.core.ApplicationFilterChain.doFilter(ApplicationFilterChain.java:166)
		at org.apache.tomcat.websocket.server.WsFilter.doFilter(WsFilter.java:53)
		at org.apache.catalina.core.ApplicationFilterChain.internalDoFilter(ApplicationFilterChain.java:193)
		at org.apache.catalina.core.ApplicationFilterChain.doFilter(ApplicationFilterChain.java:166)
		at org.apache.catalina.core.StandardWrapperValve.invoke(StandardWrapperValve.java:202)
		at org.apache.catalina.core.StandardContextValve.invoke(StandardContextValve.java:96)
		at org.apache.catalina.authenticator.AuthenticatorBase.invoke(AuthenticatorBase.java:541)
		at org.apache.catalina.core.StandardHostValve.invoke(StandardHostValve.java:139)
		at org.apache.catalina.valves.ErrorReportValve.invoke(ErrorReportValve.java:92)
		at org.apache.catalina.valves.AbstractAccessLogValve.invoke(AbstractAccessLogValve.java:690)
		at org.apache.catalina.core.StandardEngineValve.invoke(StandardEngineValve.java:74)
		at org.apache.catalina.connector.CoyoteAdapter.service(CoyoteAdapter.java:343)
		at org.apache.coyote.http11.Http11Processor.service(Http11Processor.java:373)
		at org.apache.coyote.AbstractProcessorLight.process(AbstractProcessorLight.java:65)
		at org.apache.coyote.AbstractProtocol$ConnectionHandler.process(AbstractProtocol.java:868)
		at org.apache.tomcat.util.net.NioEndpoint$SocketProcessor.doRun(NioEndpoint.java:1590)
		at org.apache.tomcat.util.net.SocketProcessorBase.run(SocketProcessorBase.java:49)
		at java.base/java.util.concurrent.ThreadPoolExecutor.runWorker(ThreadPoolExecutor.java:1144)
		at java.base/java.util.concurrent.ThreadPoolExecutor$Worker.run(ThreadPoolExecutor.java:642)
		at org.apache.tomcat.util.threads.TaskThread$WrappingRunnable.run(TaskThread.java:61)
		at java.base/java.lang.Thread.run(Thread.java:1589)
14-Oct-2023 19:26:51.839 INFO [main] org.apache.catalina.core.ApplicationContext.log SessionListener: contextDestroyed()
14-Oct-2023 19:26:51.839 INFO [main] org.apache.catalina.core.ApplicationContext.log ContextListener: contextDestroyed()
