30-Sep-2023 00:06:16.402 INFO [main] org.apache.catalina.core.ApplicationContext.log ContextListener: contextInitialized()
30-Sep-2023 00:06:16.402 INFO [main] org.apache.catalina.core.ApplicationContext.log SessionListener: contextInitialized()
30-Sep-2023 00:06:16.404 INFO [main] org.apache.catalina.core.ApplicationContext.log ContextListener: attributeAdded('StockTicker', 'async.Stockticker@6a98f353')
30-Sep-2023 00:15:40.783 INFO [main] org.apache.catalina.core.ApplicationContext.log SessionListener: contextDestroyed()
30-Sep-2023 00:15:40.783 INFO [main] org.apache.catalina.core.ApplicationContext.log ContextListener: contextDestroyed()
30-Sep-2023 00:40:06.929 INFO [main] org.apache.catalina.core.ApplicationContext.log ContextListener: contextInitialized()
30-Sep-2023 00:40:06.929 INFO [main] org.apache.catalina.core.ApplicationContext.log SessionListener: contextInitialized()
30-Sep-2023 00:40:06.931 INFO [main] org.apache.catalina.core.ApplicationContext.log ContextListener: attributeAdded('StockTicker', 'async.Stockticker@cf01c2e')
30-Sep-2023 00:51:44.258 INFO [main] org.apache.catalina.core.ApplicationContext.log SessionListener: contextDestroyed()
30-Sep-2023 00:51:44.259 INFO [main] org.apache.catalina.core.ApplicationContext.log ContextListener: contextDestroyed()
30-Sep-2023 00:53:06.004 INFO [main] org.apache.catalina.core.ApplicationContext.log ContextListener: contextInitialized()
30-Sep-2023 00:53:06.005 INFO [main] org.apache.catalina.core.ApplicationContext.log SessionListener: contextInitialized()
30-Sep-2023 00:53:06.007 INFO [main] org.apache.catalina.core.ApplicationContext.log ContextListener: attributeAdded('StockTicker', 'async.Stockticker@4416e18d')
30-Sep-2023 01:22:34.866 INFO [main] org.apache.catalina.core.ApplicationContext.log SessionListener: contextDestroyed()
30-Sep-2023 01:22:34.866 INFO [main] org.apache.catalina.core.ApplicationContext.log ContextListener: contextDestroyed()
30-Sep-2023 12:19:30.624 INFO [main] org.apache.catalina.core.ApplicationContext.log ContextListener: contextInitialized()
30-Sep-2023 12:19:30.624 INFO [main] org.apache.catalina.core.ApplicationContext.log SessionListener: contextInitialized()
30-Sep-2023 12:19:30.624 INFO [main] org.apache.catalina.core.ApplicationContext.log ContextListener: attributeAdded('StockTicker', 'async.Stockticker@144a5e6e')
30-Sep-2023 12:33:47.258 INFO [main] org.apache.catalina.core.ApplicationContext.log SessionListener: contextDestroyed()
30-Sep-2023 12:33:47.258 INFO [main] org.apache.catalina.core.ApplicationContext.log ContextListener: contextDestroyed()
