06-Oct-2023 05:25:01.046 INFO [main] org.apache.catalina.core.ApplicationContext.log ContextListener: contextInitialized()
06-Oct-2023 05:25:01.047 INFO [main] org.apache.catalina.core.ApplicationContext.log SessionListener: contextInitialized()
06-Oct-2023 05:25:01.049 INFO [main] org.apache.catalina.core.ApplicationContext.log ContextListener: attributeAdded('StockTicker', 'async.Stockticker@46ee7013')
06-Oct-2023 07:24:51.355 SEVERE [http-nio-8080-exec-110] org.apache.catalina.core.ApplicationDispatcher.invoke Servlet.service() for servlet [jsp] threw exception
	javax.el.PropertyNotFoundException: Property [tenMon] not found on type [com.entity.ComboSushi]
		at javax.el.BeanELResolver$BeanProperties.get(BeanELResolver.java:260)
		at javax.el.BeanELResolver$BeanProperties.access$300(BeanELResolver.java:212)
		at javax.el.BeanELResolver.property(BeanELResolver.java:333)
		at javax.el.BeanELResolver.getValue(BeanELResolver.java:92)
		at org.apache.jasper.el.JasperELResolver.getValue(JasperELResolver.java:125)
		at org.apache.el.parser.AstValue.getValue(AstValue.java:169)
		at org.apache.el.ValueExpressionImpl.getValue(ValueExpressionImpl.java:190)
		at org.apache.jasper.runtime.PageContextImpl.proprietaryEvaluate(PageContextImpl.java:701)
		at org.apache.jsp.includes.menu_jsp._jspx_meth_c_005fforEach_005f0(menu_jsp.java:188)
		at org.apache.jsp.includes.menu_jsp._jspService(menu_jsp.java:143)
		at org.apache.jasper.runtime.HttpJspBase.service(HttpJspBase.java:71)
		at javax.servlet.http.HttpServlet.service(HttpServlet.java:741)
		at org.apache.jasper.servlet.JspServletWrapper.service(JspServletWrapper.java:477)
		at org.apache.jasper.servlet.JspServlet.serviceJspFile(JspServlet.java:385)
		at org.apache.jasper.servlet.JspServlet.service(JspServlet.java:329)
		at javax.servlet.http.HttpServlet.service(HttpServlet.java:741)
		at org.apache.catalina.core.ApplicationFilterChain.internalDoFilter(ApplicationFilterChain.java:231)
		at org.apache.catalina.core.ApplicationFilterChain.doFilter(ApplicationFilterChain.java:166)
		at org.apache.tomcat.websocket.server.WsFilter.doFilter(WsFilter.java:53)
		at org.apache.catalina.core.ApplicationFilterChain.internalDoFilter(ApplicationFilterChain.java:193)
		at org.apache.catalina.core.ApplicationFilterChain.doFilter(ApplicationFilterChain.java:166)
		at org.apache.catalina.core.ApplicationDispatcher.invoke(ApplicationDispatcher.java:712)
		at org.apache.catalina.core.ApplicationDispatcher.processRequest(ApplicationDispatcher.java:459)
		at org.apache.catalina.core.ApplicationDispatcher.doForward(ApplicationDispatcher.java:384)
		at org.apache.catalina.core.ApplicationDispatcher.forward(ApplicationDispatcher.java:312)
		at com.controller.MenuController.processRequest(MenuController.java:40)
		at com.controller.MenuController.doGet(MenuController.java:59)
		at javax.servlet.http.HttpServlet.service(HttpServlet.java:634)
		at javax.servlet.http.HttpServlet.service(HttpServlet.java:741)
		at org.apache.catalina.core.ApplicationFilterChain.internalDoFilter(ApplicationFilterChain.java:231)
		at org.apache.catalina.core.ApplicationFilterChain.doFilter(ApplicationFilterChain.java:166)
		at org.apache.tomcat.websocket.server.WsFilter.doFilter(WsFilter.java:53)
		at org.apache.catalina.core.ApplicationFilterChain.internalDoFilter(ApplicationFilterChain.java:193)
		at org.apache.catalina.core.ApplicationFilterChain.doFilter(ApplicationFilterChain.java:166)
		at org.apache.catalina.core.StandardWrapperValve.invoke(StandardWrapperValve.java:202)
		at org.apache.catalina.core.StandardContextValve.invoke(StandardContextValve.java:96)
		at org.apache.catalina.authenticator.AuthenticatorBase.invoke(AuthenticatorBase.java:541)
		at org.apache.catalina.core.StandardHostValve.invoke(StandardHostValve.java:139)
		at org.apache.catalina.valves.ErrorReportValve.invoke(ErrorReportValve.java:92)
		at org.apache.catalina.valves.AbstractAccessLogValve.invoke(AbstractAccessLogValve.java:690)
		at org.apache.catalina.core.StandardEngineValve.invoke(StandardEngineValve.java:74)
		at org.apache.catalina.connector.CoyoteAdapter.service(CoyoteAdapter.java:343)
		at org.apache.coyote.http11.Http11Processor.service(Http11Processor.java:373)
		at org.apache.coyote.AbstractProcessorLight.process(AbstractProcessorLight.java:65)
		at org.apache.coyote.AbstractProtocol$ConnectionHandler.process(AbstractProtocol.java:868)
		at org.apache.tomcat.util.net.NioEndpoint$SocketProcessor.doRun(NioEndpoint.java:1590)
		at org.apache.tomcat.util.net.SocketProcessorBase.run(SocketProcessorBase.java:49)
		at java.base/java.util.concurrent.ThreadPoolExecutor.runWorker(ThreadPoolExecutor.java:1144)
		at java.base/java.util.concurrent.ThreadPoolExecutor$Worker.run(ThreadPoolExecutor.java:642)
		at org.apache.tomcat.util.threads.TaskThread$WrappingRunnable.run(TaskThread.java:61)
		at java.base/java.lang.Thread.run(Thread.java:1589)
06-Oct-2023 07:26:02.073 SEVERE [http-nio-8080-exec-102] org.apache.catalina.core.ApplicationDispatcher.invoke Servlet.service() for servlet [jsp] threw exception
	javax.el.PropertyNotFoundException: Property [tenSushi] not found on type [com.entity.SushiInCombo]
		at javax.el.BeanELResolver$BeanProperties.get(BeanELResolver.java:260)
		at javax.el.BeanELResolver$BeanProperties.access$300(BeanELResolver.java:212)
		at javax.el.BeanELResolver.property(BeanELResolver.java:333)
		at javax.el.BeanELResolver.getValue(BeanELResolver.java:92)
		at org.apache.jasper.el.JasperELResolver.getValue(JasperELResolver.java:125)
		at org.apache.el.parser.AstValue.getValue(AstValue.java:169)
		at org.apache.el.ValueExpressionImpl.getValue(ValueExpressionImpl.java:190)
		at org.apache.jasper.runtime.PageContextImpl.proprietaryEvaluate(PageContextImpl.java:701)
		at org.apache.jsp.includes.menu_jsp._jspx_meth_c_005fforEach_005f1(menu_jsp.java:246)
		at org.apache.jsp.includes.menu_jsp._jspx_meth_c_005fforEach_005f0(menu_jsp.java:193)
		at org.apache.jsp.includes.menu_jsp._jspService(menu_jsp.java:143)
		at org.apache.jasper.runtime.HttpJspBase.service(HttpJspBase.java:71)
		at javax.servlet.http.HttpServlet.service(HttpServlet.java:741)
		at org.apache.jasper.servlet.JspServletWrapper.service(JspServletWrapper.java:477)
		at org.apache.jasper.servlet.JspServlet.serviceJspFile(JspServlet.java:385)
		at org.apache.jasper.servlet.JspServlet.service(JspServlet.java:329)
		at javax.servlet.http.HttpServlet.service(HttpServlet.java:741)
		at org.apache.catalina.core.ApplicationFilterChain.internalDoFilter(ApplicationFilterChain.java:231)
		at org.apache.catalina.core.ApplicationFilterChain.doFilter(ApplicationFilterChain.java:166)
		at org.apache.tomcat.websocket.server.WsFilter.doFilter(WsFilter.java:53)
		at org.apache.catalina.core.ApplicationFilterChain.internalDoFilter(ApplicationFilterChain.java:193)
		at org.apache.catalina.core.ApplicationFilterChain.doFilter(ApplicationFilterChain.java:166)
		at org.apache.catalina.core.ApplicationDispatcher.invoke(ApplicationDispatcher.java:712)
		at org.apache.catalina.core.ApplicationDispatcher.processRequest(ApplicationDispatcher.java:459)
		at org.apache.catalina.core.ApplicationDispatcher.doForward(ApplicationDispatcher.java:384)
		at org.apache.catalina.core.ApplicationDispatcher.forward(ApplicationDispatcher.java:312)
		at com.controller.MenuController.processRequest(MenuController.java:40)
		at com.controller.MenuController.doGet(MenuController.java:59)
		at javax.servlet.http.HttpServlet.service(HttpServlet.java:634)
		at javax.servlet.http.HttpServlet.service(HttpServlet.java:741)
		at org.apache.catalina.core.ApplicationFilterChain.internalDoFilter(ApplicationFilterChain.java:231)
		at org.apache.catalina.core.ApplicationFilterChain.doFilter(ApplicationFilterChain.java:166)
		at org.apache.tomcat.websocket.server.WsFilter.doFilter(WsFilter.java:53)
		at org.apache.catalina.core.ApplicationFilterChain.internalDoFilter(ApplicationFilterChain.java:193)
		at org.apache.catalina.core.ApplicationFilterChain.doFilter(ApplicationFilterChain.java:166)
		at org.apache.catalina.core.StandardWrapperValve.invoke(StandardWrapperValve.java:202)
		at org.apache.catalina.core.StandardContextValve.invoke(StandardContextValve.java:96)
		at org.apache.catalina.authenticator.AuthenticatorBase.invoke(AuthenticatorBase.java:541)
		at org.apache.catalina.core.StandardHostValve.invoke(StandardHostValve.java:139)
		at org.apache.catalina.valves.ErrorReportValve.invoke(ErrorReportValve.java:92)
		at org.apache.catalina.valves.AbstractAccessLogValve.invoke(AbstractAccessLogValve.java:690)
		at org.apache.catalina.core.StandardEngineValve.invoke(StandardEngineValve.java:74)
		at org.apache.catalina.connector.CoyoteAdapter.service(CoyoteAdapter.java:343)
		at org.apache.coyote.http11.Http11Processor.service(Http11Processor.java:373)
		at org.apache.coyote.AbstractProcessorLight.process(AbstractProcessorLight.java:65)
		at org.apache.coyote.AbstractProtocol$ConnectionHandler.process(AbstractProtocol.java:868)
		at org.apache.tomcat.util.net.NioEndpoint$SocketProcessor.doRun(NioEndpoint.java:1590)
		at org.apache.tomcat.util.net.SocketProcessorBase.run(SocketProcessorBase.java:49)
		at java.base/java.util.concurrent.ThreadPoolExecutor.runWorker(ThreadPoolExecutor.java:1144)
		at java.base/java.util.concurrent.ThreadPoolExecutor$Worker.run(ThreadPoolExecutor.java:642)
		at org.apache.tomcat.util.threads.TaskThread$WrappingRunnable.run(TaskThread.java:61)
		at java.base/java.lang.Thread.run(Thread.java:1589)
06-Oct-2023 07:41:27.214 SEVERE [http-nio-8080-exec-120] org.apache.catalina.core.ApplicationDispatcher.invoke Servlet.service() for servlet [jsp] threw exception
	javax.el.PropertyNotFoundException: Property [getName] not found on type [com.entity.ComboSushi]
		at javax.el.BeanELResolver$BeanProperties.get(BeanELResolver.java:260)
		at javax.el.BeanELResolver$BeanProperties.access$300(BeanELResolver.java:212)
		at javax.el.BeanELResolver.property(BeanELResolver.java:333)
		at javax.el.BeanELResolver.getValue(BeanELResolver.java:92)
		at org.apache.jasper.el.JasperELResolver.getValue(JasperELResolver.java:125)
		at org.apache.el.parser.AstValue.getValue(AstValue.java:169)
		at org.apache.el.ValueExpressionImpl.getValue(ValueExpressionImpl.java:190)
		at org.apache.jasper.runtime.PageContextImpl.proprietaryEvaluate(PageContextImpl.java:701)
		at org.apache.jsp.includes.menu_jsp._jspx_meth_c_005fforEach_005f0(menu_jsp.java:214)
		at org.apache.jsp.includes.menu_jsp._jspService(menu_jsp.java:167)
		at org.apache.jasper.runtime.HttpJspBase.service(HttpJspBase.java:71)
		at javax.servlet.http.HttpServlet.service(HttpServlet.java:741)
		at org.apache.jasper.servlet.JspServletWrapper.service(JspServletWrapper.java:477)
		at org.apache.jasper.servlet.JspServlet.serviceJspFile(JspServlet.java:385)
		at org.apache.jasper.servlet.JspServlet.service(JspServlet.java:329)
		at javax.servlet.http.HttpServlet.service(HttpServlet.java:741)
		at org.apache.catalina.core.ApplicationFilterChain.internalDoFilter(ApplicationFilterChain.java:231)
		at org.apache.catalina.core.ApplicationFilterChain.doFilter(ApplicationFilterChain.java:166)
		at org.apache.tomcat.websocket.server.WsFilter.doFilter(WsFilter.java:53)
		at org.apache.catalina.core.ApplicationFilterChain.internalDoFilter(ApplicationFilterChain.java:193)
		at org.apache.catalina.core.ApplicationFilterChain.doFilter(ApplicationFilterChain.java:166)
		at org.apache.catalina.core.ApplicationDispatcher.invoke(ApplicationDispatcher.java:712)
		at org.apache.catalina.core.ApplicationDispatcher.processRequest(ApplicationDispatcher.java:459)
		at org.apache.catalina.core.ApplicationDispatcher.doForward(ApplicationDispatcher.java:384)
		at org.apache.catalina.core.ApplicationDispatcher.forward(ApplicationDispatcher.java:312)
		at com.controller.MenuController.processRequest(MenuController.java:40)
		at com.controller.MenuController.doGet(MenuController.java:59)
		at javax.servlet.http.HttpServlet.service(HttpServlet.java:634)
		at javax.servlet.http.HttpServlet.service(HttpServlet.java:741)
		at org.apache.catalina.core.ApplicationFilterChain.internalDoFilter(ApplicationFilterChain.java:231)
		at org.apache.catalina.core.ApplicationFilterChain.doFilter(ApplicationFilterChain.java:166)
		at org.apache.tomcat.websocket.server.WsFilter.doFilter(WsFilter.java:53)
		at org.apache.catalina.core.ApplicationFilterChain.internalDoFilter(ApplicationFilterChain.java:193)
		at org.apache.catalina.core.ApplicationFilterChain.doFilter(ApplicationFilterChain.java:166)
		at org.apache.catalina.core.StandardWrapperValve.invoke(StandardWrapperValve.java:202)
		at org.apache.catalina.core.StandardContextValve.invoke(StandardContextValve.java:96)
		at org.apache.catalina.authenticator.AuthenticatorBase.invoke(AuthenticatorBase.java:541)
		at org.apache.catalina.core.StandardHostValve.invoke(StandardHostValve.java:139)
		at org.apache.catalina.valves.ErrorReportValve.invoke(ErrorReportValve.java:92)
		at org.apache.catalina.valves.AbstractAccessLogValve.invoke(AbstractAccessLogValve.java:690)
		at org.apache.catalina.core.StandardEngineValve.invoke(StandardEngineValve.java:74)
		at org.apache.catalina.connector.CoyoteAdapter.service(CoyoteAdapter.java:343)
		at org.apache.coyote.http11.Http11Processor.service(Http11Processor.java:373)
		at org.apache.coyote.AbstractProcessorLight.process(AbstractProcessorLight.java:65)
		at org.apache.coyote.AbstractProtocol$ConnectionHandler.process(AbstractProtocol.java:868)
		at org.apache.tomcat.util.net.NioEndpoint$SocketProcessor.doRun(NioEndpoint.java:1590)
		at org.apache.tomcat.util.net.SocketProcessorBase.run(SocketProcessorBase.java:49)
		at java.base/java.util.concurrent.ThreadPoolExecutor.runWorker(ThreadPoolExecutor.java:1144)
		at java.base/java.util.concurrent.ThreadPoolExecutor$Worker.run(ThreadPoolExecutor.java:642)
		at org.apache.tomcat.util.threads.TaskThread$WrappingRunnable.run(TaskThread.java:61)
		at java.base/java.lang.Thread.run(Thread.java:1589)
06-Oct-2023 07:41:47.973 SEVERE [http-nio-8080-exec-124] org.apache.catalina.core.ApplicationDispatcher.invoke Servlet.service() for servlet [jsp] threw exception
	javax.el.PropertyNotFoundException: Property [getName] not found on type [com.entity.ComboSushi]
		at javax.el.BeanELResolver$BeanProperties.get(BeanELResolver.java:260)
		at javax.el.BeanELResolver$BeanProperties.access$300(BeanELResolver.java:212)
		at javax.el.BeanELResolver.property(BeanELResolver.java:333)
		at javax.el.BeanELResolver.getValue(BeanELResolver.java:92)
		at org.apache.jasper.el.JasperELResolver.getValue(JasperELResolver.java:125)
		at org.apache.el.parser.AstValue.getValue(AstValue.java:169)
		at org.apache.el.ValueExpressionImpl.getValue(ValueExpressionImpl.java:190)
		at org.apache.jasper.runtime.PageContextImpl.proprietaryEvaluate(PageContextImpl.java:701)
		at org.apache.jsp.includes.menu_jsp._jspx_meth_c_005fforEach_005f0(menu_jsp.java:214)
		at org.apache.jsp.includes.menu_jsp._jspService(menu_jsp.java:167)
		at org.apache.jasper.runtime.HttpJspBase.service(HttpJspBase.java:71)
		at javax.servlet.http.HttpServlet.service(HttpServlet.java:741)
		at org.apache.jasper.servlet.JspServletWrapper.service(JspServletWrapper.java:477)
		at org.apache.jasper.servlet.JspServlet.serviceJspFile(JspServlet.java:385)
		at org.apache.jasper.servlet.JspServlet.service(JspServlet.java:329)
		at javax.servlet.http.HttpServlet.service(HttpServlet.java:741)
		at org.apache.catalina.core.ApplicationFilterChain.internalDoFilter(ApplicationFilterChain.java:231)
		at org.apache.catalina.core.ApplicationFilterChain.doFilter(ApplicationFilterChain.java:166)
		at org.apache.tomcat.websocket.server.WsFilter.doFilter(WsFilter.java:53)
		at org.apache.catalina.core.ApplicationFilterChain.internalDoFilter(ApplicationFilterChain.java:193)
		at org.apache.catalina.core.ApplicationFilterChain.doFilter(ApplicationFilterChain.java:166)
		at org.apache.catalina.core.ApplicationDispatcher.invoke(ApplicationDispatcher.java:712)
		at org.apache.catalina.core.ApplicationDispatcher.processRequest(ApplicationDispatcher.java:459)
		at org.apache.catalina.core.ApplicationDispatcher.doForward(ApplicationDispatcher.java:384)
		at org.apache.catalina.core.ApplicationDispatcher.forward(ApplicationDispatcher.java:312)
		at com.controller.MenuController.processRequest(MenuController.java:40)
		at com.controller.MenuController.doGet(MenuController.java:59)
		at javax.servlet.http.HttpServlet.service(HttpServlet.java:634)
		at javax.servlet.http.HttpServlet.service(HttpServlet.java:741)
		at org.apache.catalina.core.ApplicationFilterChain.internalDoFilter(ApplicationFilterChain.java:231)
		at org.apache.catalina.core.ApplicationFilterChain.doFilter(ApplicationFilterChain.java:166)
		at org.apache.tomcat.websocket.server.WsFilter.doFilter(WsFilter.java:53)
		at org.apache.catalina.core.ApplicationFilterChain.internalDoFilter(ApplicationFilterChain.java:193)
		at org.apache.catalina.core.ApplicationFilterChain.doFilter(ApplicationFilterChain.java:166)
		at org.apache.catalina.core.StandardWrapperValve.invoke(StandardWrapperValve.java:202)
		at org.apache.catalina.core.StandardContextValve.invoke(StandardContextValve.java:96)
		at org.apache.catalina.authenticator.AuthenticatorBase.invoke(AuthenticatorBase.java:541)
		at org.apache.catalina.core.StandardHostValve.invoke(StandardHostValve.java:139)
		at org.apache.catalina.valves.ErrorReportValve.invoke(ErrorReportValve.java:92)
		at org.apache.catalina.valves.AbstractAccessLogValve.invoke(AbstractAccessLogValve.java:690)
		at org.apache.catalina.core.StandardEngineValve.invoke(StandardEngineValve.java:74)
		at org.apache.catalina.connector.CoyoteAdapter.service(CoyoteAdapter.java:343)
		at org.apache.coyote.http11.Http11Processor.service(Http11Processor.java:373)
		at org.apache.coyote.AbstractProcessorLight.process(AbstractProcessorLight.java:65)
		at org.apache.coyote.AbstractProtocol$ConnectionHandler.process(AbstractProtocol.java:868)
		at org.apache.tomcat.util.net.NioEndpoint$SocketProcessor.doRun(NioEndpoint.java:1590)
		at org.apache.tomcat.util.net.SocketProcessorBase.run(SocketProcessorBase.java:49)
		at java.base/java.util.concurrent.ThreadPoolExecutor.runWorker(ThreadPoolExecutor.java:1144)
		at java.base/java.util.concurrent.ThreadPoolExecutor$Worker.run(ThreadPoolExecutor.java:642)
		at org.apache.tomcat.util.threads.TaskThread$WrappingRunnable.run(TaskThread.java:61)
		at java.base/java.lang.Thread.run(Thread.java:1589)
06-Oct-2023 07:42:24.821 SEVERE [http-nio-8080-exec-127] org.apache.catalina.core.ApplicationDispatcher.invoke Servlet.service() for servlet [jsp] threw exception
	org.apache.jasper.el.JspELException: /includes/menu.jsp(32,12) '${data.getCombo()}' Method not found: class java.util.ArrayList.getCombo()
		at org.apache.jasper.el.JspValueExpression.getValue(JspValueExpression.java:123)
		at org.apache.jsp.includes.menu_jsp._jspx_meth_c_005fforEach_005f0(menu_jsp.java:205)
		at org.apache.jsp.includes.menu_jsp._jspService(menu_jsp.java:167)
		at org.apache.jasper.runtime.HttpJspBase.service(HttpJspBase.java:71)
		at javax.servlet.http.HttpServlet.service(HttpServlet.java:741)
		at org.apache.jasper.servlet.JspServletWrapper.service(JspServletWrapper.java:477)
		at org.apache.jasper.servlet.JspServlet.serviceJspFile(JspServlet.java:385)
		at org.apache.jasper.servlet.JspServlet.service(JspServlet.java:329)
		at javax.servlet.http.HttpServlet.service(HttpServlet.java:741)
		at org.apache.catalina.core.ApplicationFilterChain.internalDoFilter(ApplicationFilterChain.java:231)
		at org.apache.catalina.core.ApplicationFilterChain.doFilter(ApplicationFilterChain.java:166)
		at org.apache.tomcat.websocket.server.WsFilter.doFilter(WsFilter.java:53)
		at org.apache.catalina.core.ApplicationFilterChain.internalDoFilter(ApplicationFilterChain.java:193)
		at org.apache.catalina.core.ApplicationFilterChain.doFilter(ApplicationFilterChain.java:166)
		at org.apache.catalina.core.ApplicationDispatcher.invoke(ApplicationDispatcher.java:712)
		at org.apache.catalina.core.ApplicationDispatcher.processRequest(ApplicationDispatcher.java:459)
		at org.apache.catalina.core.ApplicationDispatcher.doForward(ApplicationDispatcher.java:384)
		at org.apache.catalina.core.ApplicationDispatcher.forward(ApplicationDispatcher.java:312)
		at com.controller.MenuController.processRequest(MenuController.java:40)
		at com.controller.MenuController.doGet(MenuController.java:59)
		at javax.servlet.http.HttpServlet.service(HttpServlet.java:634)
		at javax.servlet.http.HttpServlet.service(HttpServlet.java:741)
		at org.apache.catalina.core.ApplicationFilterChain.internalDoFilter(ApplicationFilterChain.java:231)
		at org.apache.catalina.core.ApplicationFilterChain.doFilter(ApplicationFilterChain.java:166)
		at org.apache.tomcat.websocket.server.WsFilter.doFilter(WsFilter.java:53)
		at org.apache.catalina.core.ApplicationFilterChain.internalDoFilter(ApplicationFilterChain.java:193)
		at org.apache.catalina.core.ApplicationFilterChain.doFilter(ApplicationFilterChain.java:166)
		at org.apache.catalina.core.StandardWrapperValve.invoke(StandardWrapperValve.java:202)
		at org.apache.catalina.core.StandardContextValve.invoke(StandardContextValve.java:96)
		at org.apache.catalina.authenticator.AuthenticatorBase.invoke(AuthenticatorBase.java:541)
		at org.apache.catalina.core.StandardHostValve.invoke(StandardHostValve.java:139)
		at org.apache.catalina.valves.ErrorReportValve.invoke(ErrorReportValve.java:92)
		at org.apache.catalina.valves.AbstractAccessLogValve.invoke(AbstractAccessLogValve.java:690)
		at org.apache.catalina.core.StandardEngineValve.invoke(StandardEngineValve.java:74)
		at org.apache.catalina.connector.CoyoteAdapter.service(CoyoteAdapter.java:343)
		at org.apache.coyote.http11.Http11Processor.service(Http11Processor.java:373)
		at org.apache.coyote.AbstractProcessorLight.process(AbstractProcessorLight.java:65)
		at org.apache.coyote.AbstractProtocol$ConnectionHandler.process(AbstractProtocol.java:868)
		at org.apache.tomcat.util.net.NioEndpoint$SocketProcessor.doRun(NioEndpoint.java:1590)
		at org.apache.tomcat.util.net.SocketProcessorBase.run(SocketProcessorBase.java:49)
		at java.base/java.util.concurrent.ThreadPoolExecutor.runWorker(ThreadPoolExecutor.java:1144)
		at java.base/java.util.concurrent.ThreadPoolExecutor$Worker.run(ThreadPoolExecutor.java:642)
		at org.apache.tomcat.util.threads.TaskThread$WrappingRunnable.run(TaskThread.java:61)
		at java.base/java.lang.Thread.run(Thread.java:1589)
06-Oct-2023 07:44:59.259 SEVERE [http-nio-8080-exec-125] org.apache.catalina.core.ApplicationDispatcher.invoke Servlet.service() for servlet [jsp] threw exception
	org.apache.jasper.el.JspELException: /includes/menu.jsp(46,12) '${data.getCombo()}' Method not found: class java.util.ArrayList.getCombo()
		at org.apache.jasper.el.JspValueExpression.getValue(JspValueExpression.java:123)
		at org.apache.jsp.includes.menu_jsp._jspx_meth_c_005fforEach_005f0(menu_jsp.java:223)
		at org.apache.jsp.includes.menu_jsp._jspService(menu_jsp.java:183)
		at org.apache.jasper.runtime.HttpJspBase.service(HttpJspBase.java:71)
		at javax.servlet.http.HttpServlet.service(HttpServlet.java:741)
		at org.apache.jasper.servlet.JspServletWrapper.service(JspServletWrapper.java:477)
		at org.apache.jasper.servlet.JspServlet.serviceJspFile(JspServlet.java:385)
		at org.apache.jasper.servlet.JspServlet.service(JspServlet.java:329)
		at javax.servlet.http.HttpServlet.service(HttpServlet.java:741)
		at org.apache.catalina.core.ApplicationFilterChain.internalDoFilter(ApplicationFilterChain.java:231)
		at org.apache.catalina.core.ApplicationFilterChain.doFilter(ApplicationFilterChain.java:166)
		at org.apache.tomcat.websocket.server.WsFilter.doFilter(WsFilter.java:53)
		at org.apache.catalina.core.ApplicationFilterChain.internalDoFilter(ApplicationFilterChain.java:193)
		at org.apache.catalina.core.ApplicationFilterChain.doFilter(ApplicationFilterChain.java:166)
		at org.apache.catalina.core.ApplicationDispatcher.invoke(ApplicationDispatcher.java:712)
		at org.apache.catalina.core.ApplicationDispatcher.processRequest(ApplicationDispatcher.java:459)
		at org.apache.catalina.core.ApplicationDispatcher.doForward(ApplicationDispatcher.java:384)
		at org.apache.catalina.core.ApplicationDispatcher.forward(ApplicationDispatcher.java:312)
		at com.controller.MenuController.processRequest(MenuController.java:40)
		at com.controller.MenuController.doGet(MenuController.java:59)
		at javax.servlet.http.HttpServlet.service(HttpServlet.java:634)
		at javax.servlet.http.HttpServlet.service(HttpServlet.java:741)
		at org.apache.catalina.core.ApplicationFilterChain.internalDoFilter(ApplicationFilterChain.java:231)
		at org.apache.catalina.core.ApplicationFilterChain.doFilter(ApplicationFilterChain.java:166)
		at org.apache.tomcat.websocket.server.WsFilter.doFilter(WsFilter.java:53)
		at org.apache.catalina.core.ApplicationFilterChain.internalDoFilter(ApplicationFilterChain.java:193)
		at org.apache.catalina.core.ApplicationFilterChain.doFilter(ApplicationFilterChain.java:166)
		at org.apache.catalina.core.StandardWrapperValve.invoke(StandardWrapperValve.java:202)
		at org.apache.catalina.core.StandardContextValve.invoke(StandardContextValve.java:96)
		at org.apache.catalina.authenticator.AuthenticatorBase.invoke(AuthenticatorBase.java:541)
		at org.apache.catalina.core.StandardHostValve.invoke(StandardHostValve.java:139)
		at org.apache.catalina.valves.ErrorReportValve.invoke(ErrorReportValve.java:92)
		at org.apache.catalina.valves.AbstractAccessLogValve.invoke(AbstractAccessLogValve.java:690)
		at org.apache.catalina.core.StandardEngineValve.invoke(StandardEngineValve.java:74)
		at org.apache.catalina.connector.CoyoteAdapter.service(CoyoteAdapter.java:343)
		at org.apache.coyote.http11.Http11Processor.service(Http11Processor.java:373)
		at org.apache.coyote.AbstractProcessorLight.process(AbstractProcessorLight.java:65)
		at org.apache.coyote.AbstractProtocol$ConnectionHandler.process(AbstractProtocol.java:868)
		at org.apache.tomcat.util.net.NioEndpoint$SocketProcessor.doRun(NioEndpoint.java:1590)
		at org.apache.tomcat.util.net.SocketProcessorBase.run(SocketProcessorBase.java:49)
		at java.base/java.util.concurrent.ThreadPoolExecutor.runWorker(ThreadPoolExecutor.java:1144)
		at java.base/java.util.concurrent.ThreadPoolExecutor$Worker.run(ThreadPoolExecutor.java:642)
		at org.apache.tomcat.util.threads.TaskThread$WrappingRunnable.run(TaskThread.java:61)
		at java.base/java.lang.Thread.run(Thread.java:1589)
06-Oct-2023 07:45:44.046 SEVERE [http-nio-8080-exec-133] org.apache.catalina.core.ApplicationDispatcher.invoke Servlet.service() for servlet [jsp] threw exception
	org.apache.jasper.el.JspELException: /includes/menu.jsp(47,12) '${data.getCombo()}' Method not found: class java.util.ArrayList.getCombo()
		at org.apache.jasper.el.JspValueExpression.getValue(JspValueExpression.java:123)
		at org.apache.jsp.includes.menu_jsp._jspx_meth_c_005fforEach_005f0(menu_jsp.java:224)
		at org.apache.jsp.includes.menu_jsp._jspService(menu_jsp.java:184)
		at org.apache.jasper.runtime.HttpJspBase.service(HttpJspBase.java:71)
		at javax.servlet.http.HttpServlet.service(HttpServlet.java:741)
		at org.apache.jasper.servlet.JspServletWrapper.service(JspServletWrapper.java:477)
		at org.apache.jasper.servlet.JspServlet.serviceJspFile(JspServlet.java:385)
		at org.apache.jasper.servlet.JspServlet.service(JspServlet.java:329)
		at javax.servlet.http.HttpServlet.service(HttpServlet.java:741)
		at org.apache.catalina.core.ApplicationFilterChain.internalDoFilter(ApplicationFilterChain.java:231)
		at org.apache.catalina.core.ApplicationFilterChain.doFilter(ApplicationFilterChain.java:166)
		at org.apache.tomcat.websocket.server.WsFilter.doFilter(WsFilter.java:53)
		at org.apache.catalina.core.ApplicationFilterChain.internalDoFilter(ApplicationFilterChain.java:193)
		at org.apache.catalina.core.ApplicationFilterChain.doFilter(ApplicationFilterChain.java:166)
		at org.apache.catalina.core.ApplicationDispatcher.invoke(ApplicationDispatcher.java:712)
		at org.apache.catalina.core.ApplicationDispatcher.processRequest(ApplicationDispatcher.java:459)
		at org.apache.catalina.core.ApplicationDispatcher.doForward(ApplicationDispatcher.java:384)
		at org.apache.catalina.core.ApplicationDispatcher.forward(ApplicationDispatcher.java:312)
		at com.controller.MenuController.processRequest(MenuController.java:40)
		at com.controller.MenuController.doGet(MenuController.java:59)
		at javax.servlet.http.HttpServlet.service(HttpServlet.java:634)
		at javax.servlet.http.HttpServlet.service(HttpServlet.java:741)
		at org.apache.catalina.core.ApplicationFilterChain.internalDoFilter(ApplicationFilterChain.java:231)
		at org.apache.catalina.core.ApplicationFilterChain.doFilter(ApplicationFilterChain.java:166)
		at org.apache.tomcat.websocket.server.WsFilter.doFilter(WsFilter.java:53)
		at org.apache.catalina.core.ApplicationFilterChain.internalDoFilter(ApplicationFilterChain.java:193)
		at org.apache.catalina.core.ApplicationFilterChain.doFilter(ApplicationFilterChain.java:166)
		at org.apache.catalina.core.StandardWrapperValve.invoke(StandardWrapperValve.java:202)
		at org.apache.catalina.core.StandardContextValve.invoke(StandardContextValve.java:96)
		at org.apache.catalina.authenticator.AuthenticatorBase.invoke(AuthenticatorBase.java:541)
		at org.apache.catalina.core.StandardHostValve.invoke(StandardHostValve.java:139)
		at org.apache.catalina.valves.ErrorReportValve.invoke(ErrorReportValve.java:92)
		at org.apache.catalina.valves.AbstractAccessLogValve.invoke(AbstractAccessLogValve.java:690)
		at org.apache.catalina.core.StandardEngineValve.invoke(StandardEngineValve.java:74)
		at org.apache.catalina.connector.CoyoteAdapter.service(CoyoteAdapter.java:343)
		at org.apache.coyote.http11.Http11Processor.service(Http11Processor.java:373)
		at org.apache.coyote.AbstractProcessorLight.process(AbstractProcessorLight.java:65)
		at org.apache.coyote.AbstractProtocol$ConnectionHandler.process(AbstractProtocol.java:868)
		at org.apache.tomcat.util.net.NioEndpoint$SocketProcessor.doRun(NioEndpoint.java:1590)
		at org.apache.tomcat.util.net.SocketProcessorBase.run(SocketProcessorBase.java:49)
		at java.base/java.util.concurrent.ThreadPoolExecutor.runWorker(ThreadPoolExecutor.java:1144)
		at java.base/java.util.concurrent.ThreadPoolExecutor$Worker.run(ThreadPoolExecutor.java:642)
		at org.apache.tomcat.util.threads.TaskThread$WrappingRunnable.run(TaskThread.java:61)
		at java.base/java.lang.Thread.run(Thread.java:1589)
06-Oct-2023 07:45:50.367 SEVERE [http-nio-8080-exec-125] org.apache.catalina.core.ApplicationDispatcher.invoke Servlet.service() for servlet [jsp] threw exception
	org.apache.jasper.el.JspELException: /includes/menu.jsp(47,12) '${data.getCombo()}' Method not found: class java.util.ArrayList.getCombo()
		at org.apache.jasper.el.JspValueExpression.getValue(JspValueExpression.java:123)
		at org.apache.jsp.includes.menu_jsp._jspx_meth_c_005fforEach_005f0(menu_jsp.java:224)
		at org.apache.jsp.includes.menu_jsp._jspService(menu_jsp.java:184)
		at org.apache.jasper.runtime.HttpJspBase.service(HttpJspBase.java:71)
		at javax.servlet.http.HttpServlet.service(HttpServlet.java:741)
		at org.apache.jasper.servlet.JspServletWrapper.service(JspServletWrapper.java:477)
		at org.apache.jasper.servlet.JspServlet.serviceJspFile(JspServlet.java:385)
		at org.apache.jasper.servlet.JspServlet.service(JspServlet.java:329)
		at javax.servlet.http.HttpServlet.service(HttpServlet.java:741)
		at org.apache.catalina.core.ApplicationFilterChain.internalDoFilter(ApplicationFilterChain.java:231)
		at org.apache.catalina.core.ApplicationFilterChain.doFilter(ApplicationFilterChain.java:166)
		at org.apache.tomcat.websocket.server.WsFilter.doFilter(WsFilter.java:53)
		at org.apache.catalina.core.ApplicationFilterChain.internalDoFilter(ApplicationFilterChain.java:193)
		at org.apache.catalina.core.ApplicationFilterChain.doFilter(ApplicationFilterChain.java:166)
		at org.apache.catalina.core.ApplicationDispatcher.invoke(ApplicationDispatcher.java:712)
		at org.apache.catalina.core.ApplicationDispatcher.processRequest(ApplicationDispatcher.java:459)
		at org.apache.catalina.core.ApplicationDispatcher.doForward(ApplicationDispatcher.java:384)
		at org.apache.catalina.core.ApplicationDispatcher.forward(ApplicationDispatcher.java:312)
		at com.controller.MenuController.processRequest(MenuController.java:40)
		at com.controller.MenuController.doGet(MenuController.java:59)
		at javax.servlet.http.HttpServlet.service(HttpServlet.java:634)
		at javax.servlet.http.HttpServlet.service(HttpServlet.java:741)
		at org.apache.catalina.core.ApplicationFilterChain.internalDoFilter(ApplicationFilterChain.java:231)
		at org.apache.catalina.core.ApplicationFilterChain.doFilter(ApplicationFilterChain.java:166)
		at org.apache.tomcat.websocket.server.WsFilter.doFilter(WsFilter.java:53)
		at org.apache.catalina.core.ApplicationFilterChain.internalDoFilter(ApplicationFilterChain.java:193)
		at org.apache.catalina.core.ApplicationFilterChain.doFilter(ApplicationFilterChain.java:166)
		at org.apache.catalina.core.StandardWrapperValve.invoke(StandardWrapperValve.java:202)
		at org.apache.catalina.core.StandardContextValve.invoke(StandardContextValve.java:96)
		at org.apache.catalina.authenticator.AuthenticatorBase.invoke(AuthenticatorBase.java:541)
		at org.apache.catalina.core.StandardHostValve.invoke(StandardHostValve.java:139)
		at org.apache.catalina.valves.ErrorReportValve.invoke(ErrorReportValve.java:92)
		at org.apache.catalina.valves.AbstractAccessLogValve.invoke(AbstractAccessLogValve.java:690)
		at org.apache.catalina.core.StandardEngineValve.invoke(StandardEngineValve.java:74)
		at org.apache.catalina.connector.CoyoteAdapter.service(CoyoteAdapter.java:343)
		at org.apache.coyote.http11.Http11Processor.service(Http11Processor.java:373)
		at org.apache.coyote.AbstractProcessorLight.process(AbstractProcessorLight.java:65)
		at org.apache.coyote.AbstractProtocol$ConnectionHandler.process(AbstractProtocol.java:868)
		at org.apache.tomcat.util.net.NioEndpoint$SocketProcessor.doRun(NioEndpoint.java:1590)
		at org.apache.tomcat.util.net.SocketProcessorBase.run(SocketProcessorBase.java:49)
		at java.base/java.util.concurrent.ThreadPoolExecutor.runWorker(ThreadPoolExecutor.java:1144)
		at java.base/java.util.concurrent.ThreadPoolExecutor$Worker.run(ThreadPoolExecutor.java:642)
		at org.apache.tomcat.util.threads.TaskThread$WrappingRunnable.run(TaskThread.java:61)
		at java.base/java.lang.Thread.run(Thread.java:1589)
06-Oct-2023 07:45:53.631 SEVERE [http-nio-8080-exec-133] org.apache.catalina.core.ApplicationDispatcher.invoke Servlet.service() for servlet [jsp] threw exception
	org.apache.jasper.el.JspELException: /includes/menu.jsp(47,12) '${data.getCombo()}' Method not found: class java.util.ArrayList.getCombo()
		at org.apache.jasper.el.JspValueExpression.getValue(JspValueExpression.java:123)
		at org.apache.jsp.includes.menu_jsp._jspx_meth_c_005fforEach_005f0(menu_jsp.java:224)
		at org.apache.jsp.includes.menu_jsp._jspService(menu_jsp.java:184)
		at org.apache.jasper.runtime.HttpJspBase.service(HttpJspBase.java:71)
		at javax.servlet.http.HttpServlet.service(HttpServlet.java:741)
		at org.apache.jasper.servlet.JspServletWrapper.service(JspServletWrapper.java:477)
		at org.apache.jasper.servlet.JspServlet.serviceJspFile(JspServlet.java:385)
		at org.apache.jasper.servlet.JspServlet.service(JspServlet.java:329)
		at javax.servlet.http.HttpServlet.service(HttpServlet.java:741)
		at org.apache.catalina.core.ApplicationFilterChain.internalDoFilter(ApplicationFilterChain.java:231)
		at org.apache.catalina.core.ApplicationFilterChain.doFilter(ApplicationFilterChain.java:166)
		at org.apache.tomcat.websocket.server.WsFilter.doFilter(WsFilter.java:53)
		at org.apache.catalina.core.ApplicationFilterChain.internalDoFilter(ApplicationFilterChain.java:193)
		at org.apache.catalina.core.ApplicationFilterChain.doFilter(ApplicationFilterChain.java:166)
		at org.apache.catalina.core.ApplicationDispatcher.invoke(ApplicationDispatcher.java:712)
		at org.apache.catalina.core.ApplicationDispatcher.processRequest(ApplicationDispatcher.java:459)
		at org.apache.catalina.core.ApplicationDispatcher.doForward(ApplicationDispatcher.java:384)
		at org.apache.catalina.core.ApplicationDispatcher.forward(ApplicationDispatcher.java:312)
		at com.controller.MenuController.processRequest(MenuController.java:40)
		at com.controller.MenuController.doGet(MenuController.java:59)
		at javax.servlet.http.HttpServlet.service(HttpServlet.java:634)
		at javax.servlet.http.HttpServlet.service(HttpServlet.java:741)
		at org.apache.catalina.core.ApplicationFilterChain.internalDoFilter(ApplicationFilterChain.java:231)
		at org.apache.catalina.core.ApplicationFilterChain.doFilter(ApplicationFilterChain.java:166)
		at org.apache.tomcat.websocket.server.WsFilter.doFilter(WsFilter.java:53)
		at org.apache.catalina.core.ApplicationFilterChain.internalDoFilter(ApplicationFilterChain.java:193)
		at org.apache.catalina.core.ApplicationFilterChain.doFilter(ApplicationFilterChain.java:166)
		at org.apache.catalina.core.StandardWrapperValve.invoke(StandardWrapperValve.java:202)
		at org.apache.catalina.core.StandardContextValve.invoke(StandardContextValve.java:96)
		at org.apache.catalina.authenticator.AuthenticatorBase.invoke(AuthenticatorBase.java:541)
		at org.apache.catalina.core.StandardHostValve.invoke(StandardHostValve.java:139)
		at org.apache.catalina.valves.ErrorReportValve.invoke(ErrorReportValve.java:92)
		at org.apache.catalina.valves.AbstractAccessLogValve.invoke(AbstractAccessLogValve.java:690)
		at org.apache.catalina.core.StandardEngineValve.invoke(StandardEngineValve.java:74)
		at org.apache.catalina.connector.CoyoteAdapter.service(CoyoteAdapter.java:343)
		at org.apache.coyote.http11.Http11Processor.service(Http11Processor.java:373)
		at org.apache.coyote.AbstractProcessorLight.process(AbstractProcessorLight.java:65)
		at org.apache.coyote.AbstractProtocol$ConnectionHandler.process(AbstractProtocol.java:868)
		at org.apache.tomcat.util.net.NioEndpoint$SocketProcessor.doRun(NioEndpoint.java:1590)
		at org.apache.tomcat.util.net.SocketProcessorBase.run(SocketProcessorBase.java:49)
		at java.base/java.util.concurrent.ThreadPoolExecutor.runWorker(ThreadPoolExecutor.java:1144)
		at java.base/java.util.concurrent.ThreadPoolExecutor$Worker.run(ThreadPoolExecutor.java:642)
		at org.apache.tomcat.util.threads.TaskThread$WrappingRunnable.run(TaskThread.java:61)
		at java.base/java.lang.Thread.run(Thread.java:1589)
06-Oct-2023 07:46:14.241 SEVERE [http-nio-8080-exec-132] org.apache.catalina.core.ApplicationDispatcher.invoke Servlet.service() for servlet [jsp] threw exception
	org.apache.jasper.el.JspELException: /includes/menu.jsp(47,12) '${data.getCombo()}' Method not found: class java.util.ArrayList.getCombo()
		at org.apache.jasper.el.JspValueExpression.getValue(JspValueExpression.java:123)
		at org.apache.jsp.includes.menu_jsp._jspx_meth_c_005fforEach_005f0(menu_jsp.java:224)
		at org.apache.jsp.includes.menu_jsp._jspService(menu_jsp.java:184)
		at org.apache.jasper.runtime.HttpJspBase.service(HttpJspBase.java:71)
		at javax.servlet.http.HttpServlet.service(HttpServlet.java:741)
		at org.apache.jasper.servlet.JspServletWrapper.service(JspServletWrapper.java:477)
		at org.apache.jasper.servlet.JspServlet.serviceJspFile(JspServlet.java:385)
		at org.apache.jasper.servlet.JspServlet.service(JspServlet.java:329)
		at javax.servlet.http.HttpServlet.service(HttpServlet.java:741)
		at org.apache.catalina.core.ApplicationFilterChain.internalDoFilter(ApplicationFilterChain.java:231)
		at org.apache.catalina.core.ApplicationFilterChain.doFilter(ApplicationFilterChain.java:166)
		at org.apache.tomcat.websocket.server.WsFilter.doFilter(WsFilter.java:53)
		at org.apache.catalina.core.ApplicationFilterChain.internalDoFilter(ApplicationFilterChain.java:193)
		at org.apache.catalina.core.ApplicationFilterChain.doFilter(ApplicationFilterChain.java:166)
		at org.apache.catalina.core.ApplicationDispatcher.invoke(ApplicationDispatcher.java:712)
		at org.apache.catalina.core.ApplicationDispatcher.processRequest(ApplicationDispatcher.java:459)
		at org.apache.catalina.core.ApplicationDispatcher.doForward(ApplicationDispatcher.java:384)
		at org.apache.catalina.core.ApplicationDispatcher.forward(ApplicationDispatcher.java:312)
		at com.controller.MenuController.processRequest(MenuController.java:40)
		at com.controller.MenuController.doGet(MenuController.java:59)
		at javax.servlet.http.HttpServlet.service(HttpServlet.java:634)
		at javax.servlet.http.HttpServlet.service(HttpServlet.java:741)
		at org.apache.catalina.core.ApplicationFilterChain.internalDoFilter(ApplicationFilterChain.java:231)
		at org.apache.catalina.core.ApplicationFilterChain.doFilter(ApplicationFilterChain.java:166)
		at org.apache.tomcat.websocket.server.WsFilter.doFilter(WsFilter.java:53)
		at org.apache.catalina.core.ApplicationFilterChain.internalDoFilter(ApplicationFilterChain.java:193)
		at org.apache.catalina.core.ApplicationFilterChain.doFilter(ApplicationFilterChain.java:166)
		at org.apache.catalina.core.StandardWrapperValve.invoke(StandardWrapperValve.java:202)
		at org.apache.catalina.core.StandardContextValve.invoke(StandardContextValve.java:96)
		at org.apache.catalina.authenticator.AuthenticatorBase.invoke(AuthenticatorBase.java:541)
		at org.apache.catalina.core.StandardHostValve.invoke(StandardHostValve.java:139)
		at org.apache.catalina.valves.ErrorReportValve.invoke(ErrorReportValve.java:92)
		at org.apache.catalina.valves.AbstractAccessLogValve.invoke(AbstractAccessLogValve.java:690)
		at org.apache.catalina.core.StandardEngineValve.invoke(StandardEngineValve.java:74)
		at org.apache.catalina.connector.CoyoteAdapter.service(CoyoteAdapter.java:343)
		at org.apache.coyote.http11.Http11Processor.service(Http11Processor.java:373)
		at org.apache.coyote.AbstractProcessorLight.process(AbstractProcessorLight.java:65)
		at org.apache.coyote.AbstractProtocol$ConnectionHandler.process(AbstractProtocol.java:868)
		at org.apache.tomcat.util.net.NioEndpoint$SocketProcessor.doRun(NioEndpoint.java:1590)
		at org.apache.tomcat.util.net.SocketProcessorBase.run(SocketProcessorBase.java:49)
		at java.base/java.util.concurrent.ThreadPoolExecutor.runWorker(ThreadPoolExecutor.java:1144)
		at java.base/java.util.concurrent.ThreadPoolExecutor$Worker.run(ThreadPoolExecutor.java:642)
		at org.apache.tomcat.util.threads.TaskThread$WrappingRunnable.run(TaskThread.java:61)
		at java.base/java.lang.Thread.run(Thread.java:1589)
06-Oct-2023 07:46:24.200 SEVERE [http-nio-8080-exec-126] org.apache.catalina.core.ApplicationDispatcher.invoke Servlet.service() for servlet [jsp] threw exception
	org.apache.jasper.el.JspELException: /includes/menu.jsp(47,12) '${data.getCombo()}' Method not found: class java.util.ArrayList.getCombo()
		at org.apache.jasper.el.JspValueExpression.getValue(JspValueExpression.java:123)
		at org.apache.jsp.includes.menu_jsp._jspx_meth_c_005fforEach_005f0(menu_jsp.java:224)
		at org.apache.jsp.includes.menu_jsp._jspService(menu_jsp.java:184)
		at org.apache.jasper.runtime.HttpJspBase.service(HttpJspBase.java:71)
		at javax.servlet.http.HttpServlet.service(HttpServlet.java:741)
		at org.apache.jasper.servlet.JspServletWrapper.service(JspServletWrapper.java:477)
		at org.apache.jasper.servlet.JspServlet.serviceJspFile(JspServlet.java:385)
		at org.apache.jasper.servlet.JspServlet.service(JspServlet.java:329)
		at javax.servlet.http.HttpServlet.service(HttpServlet.java:741)
		at org.apache.catalina.core.ApplicationFilterChain.internalDoFilter(ApplicationFilterChain.java:231)
		at org.apache.catalina.core.ApplicationFilterChain.doFilter(ApplicationFilterChain.java:166)
		at org.apache.tomcat.websocket.server.WsFilter.doFilter(WsFilter.java:53)
		at org.apache.catalina.core.ApplicationFilterChain.internalDoFilter(ApplicationFilterChain.java:193)
		at org.apache.catalina.core.ApplicationFilterChain.doFilter(ApplicationFilterChain.java:166)
		at org.apache.catalina.core.ApplicationDispatcher.invoke(ApplicationDispatcher.java:712)
		at org.apache.catalina.core.ApplicationDispatcher.processRequest(ApplicationDispatcher.java:459)
		at org.apache.catalina.core.ApplicationDispatcher.doForward(ApplicationDispatcher.java:384)
		at org.apache.catalina.core.ApplicationDispatcher.forward(ApplicationDispatcher.java:312)
		at com.controller.MenuController.processRequest(MenuController.java:40)
		at com.controller.MenuController.doGet(MenuController.java:59)
		at javax.servlet.http.HttpServlet.service(HttpServlet.java:634)
		at javax.servlet.http.HttpServlet.service(HttpServlet.java:741)
		at org.apache.catalina.core.ApplicationFilterChain.internalDoFilter(ApplicationFilterChain.java:231)
		at org.apache.catalina.core.ApplicationFilterChain.doFilter(ApplicationFilterChain.java:166)
		at org.apache.tomcat.websocket.server.WsFilter.doFilter(WsFilter.java:53)
		at org.apache.catalina.core.ApplicationFilterChain.internalDoFilter(ApplicationFilterChain.java:193)
		at org.apache.catalina.core.ApplicationFilterChain.doFilter(ApplicationFilterChain.java:166)
		at org.apache.catalina.core.StandardWrapperValve.invoke(StandardWrapperValve.java:202)
		at org.apache.catalina.core.StandardContextValve.invoke(StandardContextValve.java:96)
		at org.apache.catalina.authenticator.AuthenticatorBase.invoke(AuthenticatorBase.java:541)
		at org.apache.catalina.core.StandardHostValve.invoke(StandardHostValve.java:139)
		at org.apache.catalina.valves.ErrorReportValve.invoke(ErrorReportValve.java:92)
		at org.apache.catalina.valves.AbstractAccessLogValve.invoke(AbstractAccessLogValve.java:690)
		at org.apache.catalina.core.StandardEngineValve.invoke(StandardEngineValve.java:74)
		at org.apache.catalina.connector.CoyoteAdapter.service(CoyoteAdapter.java:343)
		at org.apache.coyote.http11.Http11Processor.service(Http11Processor.java:373)
		at org.apache.coyote.AbstractProcessorLight.process(AbstractProcessorLight.java:65)
		at org.apache.coyote.AbstractProtocol$ConnectionHandler.process(AbstractProtocol.java:868)
		at org.apache.tomcat.util.net.NioEndpoint$SocketProcessor.doRun(NioEndpoint.java:1590)
		at org.apache.tomcat.util.net.SocketProcessorBase.run(SocketProcessorBase.java:49)
		at java.base/java.util.concurrent.ThreadPoolExecutor.runWorker(ThreadPoolExecutor.java:1144)
		at java.base/java.util.concurrent.ThreadPoolExecutor$Worker.run(ThreadPoolExecutor.java:642)
		at org.apache.tomcat.util.threads.TaskThread$WrappingRunnable.run(TaskThread.java:61)
		at java.base/java.lang.Thread.run(Thread.java:1589)
06-Oct-2023 07:46:29.400 SEVERE [http-nio-8080-exec-131] org.apache.catalina.core.ApplicationDispatcher.invoke Servlet.service() for servlet [jsp] threw exception
	org.apache.jasper.JasperException: Unable to compile class for JSP: 

An error occurred at line: [37] in the jsp file: [/includes/menu.jsp]
comboSushiList cannot be resolved
34: //                ArrayList<ComboSushi> comboSushiList = data.getCombo();
35: //                out.print(data);
36:                 
37:                 for (int i = 0; i < comboSushiList.size(); i++ ){
38:                     out.print("<tr>");
39: //                    out.print("" + comboSushiList.get(i).getName() + "");
40:                     out.print("");


Stacktrace:
		at org.apache.jasper.compiler.DefaultErrorHandler.javacError(DefaultErrorHandler.java:103)
		at org.apache.jasper.compiler.ErrorDispatcher.javacError(ErrorDispatcher.java:213)
		at org.apache.jasper.compiler.JDTCompiler.generateClass(JDTCompiler.java:541)
		at org.apache.jasper.compiler.Compiler.compile(Compiler.java:392)
		at org.apache.jasper.compiler.Compiler.compile(Compiler.java:362)
		at org.apache.jasper.compiler.Compiler.compile(Compiler.java:346)
		at org.apache.jasper.JspCompilationContext.compile(JspCompilationContext.java:605)
		at org.apache.jasper.servlet.JspServletWrapper.service(JspServletWrapper.java:400)
		at org.apache.jasper.servlet.JspServlet.serviceJspFile(JspServlet.java:385)
		at org.apache.jasper.servlet.JspServlet.service(JspServlet.java:329)
		at javax.servlet.http.HttpServlet.service(HttpServlet.java:741)
		at org.apache.catalina.core.ApplicationFilterChain.internalDoFilter(ApplicationFilterChain.java:231)
		at org.apache.catalina.core.ApplicationFilterChain.doFilter(ApplicationFilterChain.java:166)
		at org.apache.tomcat.websocket.server.WsFilter.doFilter(WsFilter.java:53)
		at org.apache.catalina.core.ApplicationFilterChain.internalDoFilter(ApplicationFilterChain.java:193)
		at org.apache.catalina.core.ApplicationFilterChain.doFilter(ApplicationFilterChain.java:166)
		at org.apache.catalina.core.ApplicationDispatcher.invoke(ApplicationDispatcher.java:712)
		at org.apache.catalina.core.ApplicationDispatcher.processRequest(ApplicationDispatcher.java:459)
		at org.apache.catalina.core.ApplicationDispatcher.doForward(ApplicationDispatcher.java:384)
		at org.apache.catalina.core.ApplicationDispatcher.forward(ApplicationDispatcher.java:312)
		at com.controller.MenuController.processRequest(MenuController.java:40)
		at com.controller.MenuController.doGet(MenuController.java:59)
		at javax.servlet.http.HttpServlet.service(HttpServlet.java:634)
		at javax.servlet.http.HttpServlet.service(HttpServlet.java:741)
		at org.apache.catalina.core.ApplicationFilterChain.internalDoFilter(ApplicationFilterChain.java:231)
		at org.apache.catalina.core.ApplicationFilterChain.doFilter(ApplicationFilterChain.java:166)
		at org.apache.tomcat.websocket.server.WsFilter.doFilter(WsFilter.java:53)
		at org.apache.catalina.core.ApplicationFilterChain.internalDoFilter(ApplicationFilterChain.java:193)
		at org.apache.catalina.core.ApplicationFilterChain.doFilter(ApplicationFilterChain.java:166)
		at org.apache.catalina.core.StandardWrapperValve.invoke(StandardWrapperValve.java:202)
		at org.apache.catalina.core.StandardContextValve.invoke(StandardContextValve.java:96)
		at org.apache.catalina.authenticator.AuthenticatorBase.invoke(AuthenticatorBase.java:541)
		at org.apache.catalina.core.StandardHostValve.invoke(StandardHostValve.java:139)
		at org.apache.catalina.valves.ErrorReportValve.invoke(ErrorReportValve.java:92)
		at org.apache.catalina.valves.AbstractAccessLogValve.invoke(AbstractAccessLogValve.java:690)
		at org.apache.catalina.core.StandardEngineValve.invoke(StandardEngineValve.java:74)
		at org.apache.catalina.connector.CoyoteAdapter.service(CoyoteAdapter.java:343)
		at org.apache.coyote.http11.Http11Processor.service(Http11Processor.java:373)
		at org.apache.coyote.AbstractProcessorLight.process(AbstractProcessorLight.java:65)
		at org.apache.coyote.AbstractProtocol$ConnectionHandler.process(AbstractProtocol.java:868)
		at org.apache.tomcat.util.net.NioEndpoint$SocketProcessor.doRun(NioEndpoint.java:1590)
		at org.apache.tomcat.util.net.SocketProcessorBase.run(SocketProcessorBase.java:49)
		at java.base/java.util.concurrent.ThreadPoolExecutor.runWorker(ThreadPoolExecutor.java:1144)
		at java.base/java.util.concurrent.ThreadPoolExecutor$Worker.run(ThreadPoolExecutor.java:642)
		at org.apache.tomcat.util.threads.TaskThread$WrappingRunnable.run(TaskThread.java:61)
		at java.base/java.lang.Thread.run(Thread.java:1589)
06-Oct-2023 07:46:31.911 SEVERE [http-nio-8080-exec-133] org.apache.catalina.core.ApplicationDispatcher.invoke Servlet.service() for servlet [jsp] threw exception
	org.apache.jasper.el.JspELException: /includes/menu.jsp(47,12) '${data.getCombo()}' Method not found: class java.util.ArrayList.getCombo()
		at org.apache.jasper.el.JspValueExpression.getValue(JspValueExpression.java:123)
		at org.apache.jsp.includes.menu_jsp._jspx_meth_c_005fforEach_005f0(menu_jsp.java:224)
		at org.apache.jsp.includes.menu_jsp._jspService(menu_jsp.java:184)
		at org.apache.jasper.runtime.HttpJspBase.service(HttpJspBase.java:71)
		at javax.servlet.http.HttpServlet.service(HttpServlet.java:741)
		at org.apache.jasper.servlet.JspServletWrapper.service(JspServletWrapper.java:477)
		at org.apache.jasper.servlet.JspServlet.serviceJspFile(JspServlet.java:385)
		at org.apache.jasper.servlet.JspServlet.service(JspServlet.java:329)
		at javax.servlet.http.HttpServlet.service(HttpServlet.java:741)
		at org.apache.catalina.core.ApplicationFilterChain.internalDoFilter(ApplicationFilterChain.java:231)
		at org.apache.catalina.core.ApplicationFilterChain.doFilter(ApplicationFilterChain.java:166)
		at org.apache.tomcat.websocket.server.WsFilter.doFilter(WsFilter.java:53)
		at org.apache.catalina.core.ApplicationFilterChain.internalDoFilter(ApplicationFilterChain.java:193)
		at org.apache.catalina.core.ApplicationFilterChain.doFilter(ApplicationFilterChain.java:166)
		at org.apache.catalina.core.ApplicationDispatcher.invoke(ApplicationDispatcher.java:712)
		at org.apache.catalina.core.ApplicationDispatcher.processRequest(ApplicationDispatcher.java:459)
		at org.apache.catalina.core.ApplicationDispatcher.doForward(ApplicationDispatcher.java:384)
		at org.apache.catalina.core.ApplicationDispatcher.forward(ApplicationDispatcher.java:312)
		at com.controller.MenuController.processRequest(MenuController.java:40)
		at com.controller.MenuController.doGet(MenuController.java:59)
		at javax.servlet.http.HttpServlet.service(HttpServlet.java:634)
		at javax.servlet.http.HttpServlet.service(HttpServlet.java:741)
		at org.apache.catalina.core.ApplicationFilterChain.internalDoFilter(ApplicationFilterChain.java:231)
		at org.apache.catalina.core.ApplicationFilterChain.doFilter(ApplicationFilterChain.java:166)
		at org.apache.tomcat.websocket.server.WsFilter.doFilter(WsFilter.java:53)
		at org.apache.catalina.core.ApplicationFilterChain.internalDoFilter(ApplicationFilterChain.java:193)
		at org.apache.catalina.core.ApplicationFilterChain.doFilter(ApplicationFilterChain.java:166)
		at org.apache.catalina.core.StandardWrapperValve.invoke(StandardWrapperValve.java:202)
		at org.apache.catalina.core.StandardContextValve.invoke(StandardContextValve.java:96)
		at org.apache.catalina.authenticator.AuthenticatorBase.invoke(AuthenticatorBase.java:541)
		at org.apache.catalina.core.StandardHostValve.invoke(StandardHostValve.java:139)
		at org.apache.catalina.valves.ErrorReportValve.invoke(ErrorReportValve.java:92)
		at org.apache.catalina.valves.AbstractAccessLogValve.invoke(AbstractAccessLogValve.java:690)
		at org.apache.catalina.core.StandardEngineValve.invoke(StandardEngineValve.java:74)
		at org.apache.catalina.connector.CoyoteAdapter.service(CoyoteAdapter.java:343)
		at org.apache.coyote.http11.Http11Processor.service(Http11Processor.java:373)
		at org.apache.coyote.AbstractProcessorLight.process(AbstractProcessorLight.java:65)
		at org.apache.coyote.AbstractProtocol$ConnectionHandler.process(AbstractProtocol.java:868)
		at org.apache.tomcat.util.net.NioEndpoint$SocketProcessor.doRun(NioEndpoint.java:1590)
		at org.apache.tomcat.util.net.SocketProcessorBase.run(SocketProcessorBase.java:49)
		at java.base/java.util.concurrent.ThreadPoolExecutor.runWorker(ThreadPoolExecutor.java:1144)
		at java.base/java.util.concurrent.ThreadPoolExecutor$Worker.run(ThreadPoolExecutor.java:642)
		at org.apache.tomcat.util.threads.TaskThread$WrappingRunnable.run(TaskThread.java:61)
		at java.base/java.lang.Thread.run(Thread.java:1589)
06-Oct-2023 07:46:39.962 SEVERE [http-nio-8080-exec-125] org.apache.catalina.core.ApplicationDispatcher.invoke Servlet.service() for servlet [jsp] threw exception
	org.apache.jasper.JasperException: Unable to compile class for JSP: 

An error occurred at line: [37] in the jsp file: [/includes/menu.jsp]
comboSushiList cannot be resolved
34: //                ArrayList<ComboSushi> comboSushiList = data.getCombo();
35: //                out.print(data);
36:                 
37:                 for (int i = 0; i < comboSushiList.size(); i++ ){
38:                     out.print("<tr>");
39: //                    out.print("" + comboSushiList.get(i).getName() + "");
40:                     out.print("");


Stacktrace:
		at org.apache.jasper.compiler.DefaultErrorHandler.javacError(DefaultErrorHandler.java:103)
		at org.apache.jasper.compiler.ErrorDispatcher.javacError(ErrorDispatcher.java:213)
		at org.apache.jasper.compiler.JDTCompiler.generateClass(JDTCompiler.java:541)
		at org.apache.jasper.compiler.Compiler.compile(Compiler.java:392)
		at org.apache.jasper.compiler.Compiler.compile(Compiler.java:362)
		at org.apache.jasper.compiler.Compiler.compile(Compiler.java:346)
		at org.apache.jasper.JspCompilationContext.compile(JspCompilationContext.java:605)
		at org.apache.jasper.servlet.JspServletWrapper.service(JspServletWrapper.java:400)
		at org.apache.jasper.servlet.JspServlet.serviceJspFile(JspServlet.java:385)
		at org.apache.jasper.servlet.JspServlet.service(JspServlet.java:329)
		at javax.servlet.http.HttpServlet.service(HttpServlet.java:741)
		at org.apache.catalina.core.ApplicationFilterChain.internalDoFilter(ApplicationFilterChain.java:231)
		at org.apache.catalina.core.ApplicationFilterChain.doFilter(ApplicationFilterChain.java:166)
		at org.apache.tomcat.websocket.server.WsFilter.doFilter(WsFilter.java:53)
		at org.apache.catalina.core.ApplicationFilterChain.internalDoFilter(ApplicationFilterChain.java:193)
		at org.apache.catalina.core.ApplicationFilterChain.doFilter(ApplicationFilterChain.java:166)
		at org.apache.catalina.core.ApplicationDispatcher.invoke(ApplicationDispatcher.java:712)
		at org.apache.catalina.core.ApplicationDispatcher.processRequest(ApplicationDispatcher.java:459)
		at org.apache.catalina.core.ApplicationDispatcher.doForward(ApplicationDispatcher.java:384)
		at org.apache.catalina.core.ApplicationDispatcher.forward(ApplicationDispatcher.java:312)
		at com.controller.MenuController.processRequest(MenuController.java:40)
		at com.controller.MenuController.doGet(MenuController.java:59)
		at javax.servlet.http.HttpServlet.service(HttpServlet.java:634)
		at javax.servlet.http.HttpServlet.service(HttpServlet.java:741)
		at org.apache.catalina.core.ApplicationFilterChain.internalDoFilter(ApplicationFilterChain.java:231)
		at org.apache.catalina.core.ApplicationFilterChain.doFilter(ApplicationFilterChain.java:166)
		at org.apache.tomcat.websocket.server.WsFilter.doFilter(WsFilter.java:53)
		at org.apache.catalina.core.ApplicationFilterChain.internalDoFilter(ApplicationFilterChain.java:193)
		at org.apache.catalina.core.ApplicationFilterChain.doFilter(ApplicationFilterChain.java:166)
		at org.apache.catalina.core.StandardWrapperValve.invoke(StandardWrapperValve.java:202)
		at org.apache.catalina.core.StandardContextValve.invoke(StandardContextValve.java:96)
		at org.apache.catalina.authenticator.AuthenticatorBase.invoke(AuthenticatorBase.java:541)
		at org.apache.catalina.core.StandardHostValve.invoke(StandardHostValve.java:139)
		at org.apache.catalina.valves.ErrorReportValve.invoke(ErrorReportValve.java:92)
		at org.apache.catalina.valves.AbstractAccessLogValve.invoke(AbstractAccessLogValve.java:690)
		at org.apache.catalina.core.StandardEngineValve.invoke(StandardEngineValve.java:74)
		at org.apache.catalina.connector.CoyoteAdapter.service(CoyoteAdapter.java:343)
		at org.apache.coyote.http11.Http11Processor.service(Http11Processor.java:373)
		at org.apache.coyote.AbstractProcessorLight.process(AbstractProcessorLight.java:65)
		at org.apache.coyote.AbstractProtocol$ConnectionHandler.process(AbstractProtocol.java:868)
		at org.apache.tomcat.util.net.NioEndpoint$SocketProcessor.doRun(NioEndpoint.java:1590)
		at org.apache.tomcat.util.net.SocketProcessorBase.run(SocketProcessorBase.java:49)
		at java.base/java.util.concurrent.ThreadPoolExecutor.runWorker(ThreadPoolExecutor.java:1144)
		at java.base/java.util.concurrent.ThreadPoolExecutor$Worker.run(ThreadPoolExecutor.java:642)
		at org.apache.tomcat.util.threads.TaskThread$WrappingRunnable.run(TaskThread.java:61)
		at java.base/java.lang.Thread.run(Thread.java:1589)
06-Oct-2023 07:46:42.134 SEVERE [http-nio-8080-exec-129] org.apache.catalina.core.ApplicationDispatcher.invoke Servlet.service() for servlet [jsp] threw exception
	org.apache.jasper.el.JspELException: /includes/menu.jsp(47,12) '${data.getCombo()}' Method not found: class java.util.ArrayList.getCombo()
		at org.apache.jasper.el.JspValueExpression.getValue(JspValueExpression.java:123)
		at org.apache.jsp.includes.menu_jsp._jspx_meth_c_005fforEach_005f0(menu_jsp.java:224)
		at org.apache.jsp.includes.menu_jsp._jspService(menu_jsp.java:184)
		at org.apache.jasper.runtime.HttpJspBase.service(HttpJspBase.java:71)
		at javax.servlet.http.HttpServlet.service(HttpServlet.java:741)
		at org.apache.jasper.servlet.JspServletWrapper.service(JspServletWrapper.java:477)
		at org.apache.jasper.servlet.JspServlet.serviceJspFile(JspServlet.java:385)
		at org.apache.jasper.servlet.JspServlet.service(JspServlet.java:329)
		at javax.servlet.http.HttpServlet.service(HttpServlet.java:741)
		at org.apache.catalina.core.ApplicationFilterChain.internalDoFilter(ApplicationFilterChain.java:231)
		at org.apache.catalina.core.ApplicationFilterChain.doFilter(ApplicationFilterChain.java:166)
		at org.apache.tomcat.websocket.server.WsFilter.doFilter(WsFilter.java:53)
		at org.apache.catalina.core.ApplicationFilterChain.internalDoFilter(ApplicationFilterChain.java:193)
		at org.apache.catalina.core.ApplicationFilterChain.doFilter(ApplicationFilterChain.java:166)
		at org.apache.catalina.core.ApplicationDispatcher.invoke(ApplicationDispatcher.java:712)
		at org.apache.catalina.core.ApplicationDispatcher.processRequest(ApplicationDispatcher.java:459)
		at org.apache.catalina.core.ApplicationDispatcher.doForward(ApplicationDispatcher.java:384)
		at org.apache.catalina.core.ApplicationDispatcher.forward(ApplicationDispatcher.java:312)
		at com.controller.MenuController.processRequest(MenuController.java:40)
		at com.controller.MenuController.doGet(MenuController.java:59)
		at javax.servlet.http.HttpServlet.service(HttpServlet.java:634)
		at javax.servlet.http.HttpServlet.service(HttpServlet.java:741)
		at org.apache.catalina.core.ApplicationFilterChain.internalDoFilter(ApplicationFilterChain.java:231)
		at org.apache.catalina.core.ApplicationFilterChain.doFilter(ApplicationFilterChain.java:166)
		at org.apache.tomcat.websocket.server.WsFilter.doFilter(WsFilter.java:53)
		at org.apache.catalina.core.ApplicationFilterChain.internalDoFilter(ApplicationFilterChain.java:193)
		at org.apache.catalina.core.ApplicationFilterChain.doFilter(ApplicationFilterChain.java:166)
		at org.apache.catalina.core.StandardWrapperValve.invoke(StandardWrapperValve.java:202)
		at org.apache.catalina.core.StandardContextValve.invoke(StandardContextValve.java:96)
		at org.apache.catalina.authenticator.AuthenticatorBase.invoke(AuthenticatorBase.java:541)
		at org.apache.catalina.core.StandardHostValve.invoke(StandardHostValve.java:139)
		at org.apache.catalina.valves.ErrorReportValve.invoke(ErrorReportValve.java:92)
		at org.apache.catalina.valves.AbstractAccessLogValve.invoke(AbstractAccessLogValve.java:690)
		at org.apache.catalina.core.StandardEngineValve.invoke(StandardEngineValve.java:74)
		at org.apache.catalina.connector.CoyoteAdapter.service(CoyoteAdapter.java:343)
		at org.apache.coyote.http11.Http11Processor.service(Http11Processor.java:373)
		at org.apache.coyote.AbstractProcessorLight.process(AbstractProcessorLight.java:65)
		at org.apache.coyote.AbstractProtocol$ConnectionHandler.process(AbstractProtocol.java:868)
		at org.apache.tomcat.util.net.NioEndpoint$SocketProcessor.doRun(NioEndpoint.java:1590)
		at org.apache.tomcat.util.net.SocketProcessorBase.run(SocketProcessorBase.java:49)
		at java.base/java.util.concurrent.ThreadPoolExecutor.runWorker(ThreadPoolExecutor.java:1144)
		at java.base/java.util.concurrent.ThreadPoolExecutor$Worker.run(ThreadPoolExecutor.java:642)
		at org.apache.tomcat.util.threads.TaskThread$WrappingRunnable.run(TaskThread.java:61)
		at java.base/java.lang.Thread.run(Thread.java:1589)
06-Oct-2023 07:46:56.558 SEVERE [http-nio-8080-exec-136] org.apache.catalina.core.ApplicationDispatcher.invoke Servlet.service() for servlet [jsp] threw exception
	org.apache.jasper.el.JspELException: /includes/menu.jsp(47,12) '${data.getCombo()}' Method not found: class java.util.ArrayList.getCombo()
		at org.apache.jasper.el.JspValueExpression.getValue(JspValueExpression.java:123)
		at org.apache.jsp.includes.menu_jsp._jspx_meth_c_005fforEach_005f0(menu_jsp.java:224)
		at org.apache.jsp.includes.menu_jsp._jspService(menu_jsp.java:184)
		at org.apache.jasper.runtime.HttpJspBase.service(HttpJspBase.java:71)
		at javax.servlet.http.HttpServlet.service(HttpServlet.java:741)
		at org.apache.jasper.servlet.JspServletWrapper.service(JspServletWrapper.java:477)
		at org.apache.jasper.servlet.JspServlet.serviceJspFile(JspServlet.java:385)
		at org.apache.jasper.servlet.JspServlet.service(JspServlet.java:329)
		at javax.servlet.http.HttpServlet.service(HttpServlet.java:741)
		at org.apache.catalina.core.ApplicationFilterChain.internalDoFilter(ApplicationFilterChain.java:231)
		at org.apache.catalina.core.ApplicationFilterChain.doFilter(ApplicationFilterChain.java:166)
		at org.apache.tomcat.websocket.server.WsFilter.doFilter(WsFilter.java:53)
		at org.apache.catalina.core.ApplicationFilterChain.internalDoFilter(ApplicationFilterChain.java:193)
		at org.apache.catalina.core.ApplicationFilterChain.doFilter(ApplicationFilterChain.java:166)
		at org.apache.catalina.core.ApplicationDispatcher.invoke(ApplicationDispatcher.java:712)
		at org.apache.catalina.core.ApplicationDispatcher.processRequest(ApplicationDispatcher.java:459)
		at org.apache.catalina.core.ApplicationDispatcher.doForward(ApplicationDispatcher.java:384)
		at org.apache.catalina.core.ApplicationDispatcher.forward(ApplicationDispatcher.java:312)
		at com.controller.MenuController.processRequest(MenuController.java:40)
		at com.controller.MenuController.doGet(MenuController.java:59)
		at javax.servlet.http.HttpServlet.service(HttpServlet.java:634)
		at javax.servlet.http.HttpServlet.service(HttpServlet.java:741)
		at org.apache.catalina.core.ApplicationFilterChain.internalDoFilter(ApplicationFilterChain.java:231)
		at org.apache.catalina.core.ApplicationFilterChain.doFilter(ApplicationFilterChain.java:166)
		at org.apache.tomcat.websocket.server.WsFilter.doFilter(WsFilter.java:53)
		at org.apache.catalina.core.ApplicationFilterChain.internalDoFilter(ApplicationFilterChain.java:193)
		at org.apache.catalina.core.ApplicationFilterChain.doFilter(ApplicationFilterChain.java:166)
		at org.apache.catalina.core.StandardWrapperValve.invoke(StandardWrapperValve.java:202)
		at org.apache.catalina.core.StandardContextValve.invoke(StandardContextValve.java:96)
		at org.apache.catalina.authenticator.AuthenticatorBase.invoke(AuthenticatorBase.java:541)
		at org.apache.catalina.core.StandardHostValve.invoke(StandardHostValve.java:139)
		at org.apache.catalina.valves.ErrorReportValve.invoke(ErrorReportValve.java:92)
		at org.apache.catalina.valves.AbstractAccessLogValve.invoke(AbstractAccessLogValve.java:690)
		at org.apache.catalina.core.StandardEngineValve.invoke(StandardEngineValve.java:74)
		at org.apache.catalina.connector.CoyoteAdapter.service(CoyoteAdapter.java:343)
		at org.apache.coyote.http11.Http11Processor.service(Http11Processor.java:373)
		at org.apache.coyote.AbstractProcessorLight.process(AbstractProcessorLight.java:65)
		at org.apache.coyote.AbstractProtocol$ConnectionHandler.process(AbstractProtocol.java:868)
		at org.apache.tomcat.util.net.NioEndpoint$SocketProcessor.doRun(NioEndpoint.java:1590)
		at org.apache.tomcat.util.net.SocketProcessorBase.run(SocketProcessorBase.java:49)
		at java.base/java.util.concurrent.ThreadPoolExecutor.runWorker(ThreadPoolExecutor.java:1144)
		at java.base/java.util.concurrent.ThreadPoolExecutor$Worker.run(ThreadPoolExecutor.java:642)
		at org.apache.tomcat.util.threads.TaskThread$WrappingRunnable.run(TaskThread.java:61)
		at java.base/java.lang.Thread.run(Thread.java:1589)
06-Oct-2023 07:57:19.174 SEVERE [http-nio-8080-exec-149] org.apache.catalina.core.ApplicationDispatcher.invoke Servlet.service() for servlet [jsp] threw exception
	org.apache.jasper.JasperException: /includes/menu.jsp (line: [27], column: [14]) File [includes/header.jsp] not found
		at org.apache.jasper.compiler.DefaultErrorHandler.jspError(DefaultErrorHandler.java:42)
		at org.apache.jasper.compiler.ErrorDispatcher.dispatch(ErrorDispatcher.java:292)
		at org.apache.jasper.compiler.ErrorDispatcher.jspError(ErrorDispatcher.java:98)
		at org.apache.jasper.compiler.Parser.processIncludeDirective(Parser.java:345)
		at org.apache.jasper.compiler.Parser.parseIncludeDirective(Parser.java:380)
		at org.apache.jasper.compiler.Parser.parseDirective(Parser.java:481)
		at org.apache.jasper.compiler.Parser.parseFileDirectives(Parser.java:1797)
		at org.apache.jasper.compiler.Parser.parse(Parser.java:141)
		at org.apache.jasper.compiler.ParserController.doParse(ParserController.java:244)
		at org.apache.jasper.compiler.ParserController.parseDirectives(ParserController.java:127)
		at org.apache.jasper.compiler.Compiler.generateJava(Compiler.java:202)
		at org.apache.jasper.compiler.Compiler.compile(Compiler.java:386)
		at org.apache.jasper.compiler.Compiler.compile(Compiler.java:362)
		at org.apache.jasper.compiler.Compiler.compile(Compiler.java:346)
		at org.apache.jasper.JspCompilationContext.compile(JspCompilationContext.java:605)
		at org.apache.jasper.servlet.JspServletWrapper.service(JspServletWrapper.java:400)
		at org.apache.jasper.servlet.JspServlet.serviceJspFile(JspServlet.java:385)
		at org.apache.jasper.servlet.JspServlet.service(JspServlet.java:329)
		at javax.servlet.http.HttpServlet.service(HttpServlet.java:741)
		at org.apache.catalina.core.ApplicationFilterChain.internalDoFilter(ApplicationFilterChain.java:231)
		at org.apache.catalina.core.ApplicationFilterChain.doFilter(ApplicationFilterChain.java:166)
		at org.apache.tomcat.websocket.server.WsFilter.doFilter(WsFilter.java:53)
		at org.apache.catalina.core.ApplicationFilterChain.internalDoFilter(ApplicationFilterChain.java:193)
		at org.apache.catalina.core.ApplicationFilterChain.doFilter(ApplicationFilterChain.java:166)
		at org.apache.catalina.core.ApplicationDispatcher.invoke(ApplicationDispatcher.java:712)
		at org.apache.catalina.core.ApplicationDispatcher.processRequest(ApplicationDispatcher.java:459)
		at org.apache.catalina.core.ApplicationDispatcher.doForward(ApplicationDispatcher.java:384)
		at org.apache.catalina.core.ApplicationDispatcher.forward(ApplicationDispatcher.java:312)
		at com.controller.MenuController.processRequest(MenuController.java:40)
		at com.controller.MenuController.doGet(MenuController.java:59)
		at javax.servlet.http.HttpServlet.service(HttpServlet.java:634)
		at javax.servlet.http.HttpServlet.service(HttpServlet.java:741)
		at org.apache.catalina.core.ApplicationFilterChain.internalDoFilter(ApplicationFilterChain.java:231)
		at org.apache.catalina.core.ApplicationFilterChain.doFilter(ApplicationFilterChain.java:166)
		at org.apache.tomcat.websocket.server.WsFilter.doFilter(WsFilter.java:53)
		at org.apache.catalina.core.ApplicationFilterChain.internalDoFilter(ApplicationFilterChain.java:193)
		at org.apache.catalina.core.ApplicationFilterChain.doFilter(ApplicationFilterChain.java:166)
		at org.apache.catalina.core.StandardWrapperValve.invoke(StandardWrapperValve.java:202)
		at org.apache.catalina.core.StandardContextValve.invoke(StandardContextValve.java:96)
		at org.apache.catalina.authenticator.AuthenticatorBase.invoke(AuthenticatorBase.java:541)
		at org.apache.catalina.core.StandardHostValve.invoke(StandardHostValve.java:139)
		at org.apache.catalina.valves.ErrorReportValve.invoke(ErrorReportValve.java:92)
		at org.apache.catalina.valves.AbstractAccessLogValve.invoke(AbstractAccessLogValve.java:690)
		at org.apache.catalina.core.StandardEngineValve.invoke(StandardEngineValve.java:74)
		at org.apache.catalina.connector.CoyoteAdapter.service(CoyoteAdapter.java:343)
		at org.apache.coyote.http11.Http11Processor.service(Http11Processor.java:373)
		at org.apache.coyote.AbstractProcessorLight.process(AbstractProcessorLight.java:65)
		at org.apache.coyote.AbstractProtocol$ConnectionHandler.process(AbstractProtocol.java:868)
		at org.apache.tomcat.util.net.NioEndpoint$SocketProcessor.doRun(NioEndpoint.java:1590)
		at org.apache.tomcat.util.net.SocketProcessorBase.run(SocketProcessorBase.java:49)
		at java.base/java.util.concurrent.ThreadPoolExecutor.runWorker(ThreadPoolExecutor.java:1144)
		at java.base/java.util.concurrent.ThreadPoolExecutor$Worker.run(ThreadPoolExecutor.java:642)
		at org.apache.tomcat.util.threads.TaskThread$WrappingRunnable.run(TaskThread.java:61)
		at java.base/java.lang.Thread.run(Thread.java:1589)
06-Oct-2023 08:32:26.338 SEVERE [http-nio-8080-exec-182] org.apache.catalina.core.ApplicationDispatcher.invoke Servlet.service() for servlet [jsp] threw exception
	org.apache.jasper.JasperException: Unable to compile class for JSP: 

An error occurred at line: [33] in the jsp file: [/includes/menu.jsp]
data cannot be resolved
30:                             </tr>
31:                             
32:                             <%
33:                                 ArrayList<ComboSushi> comboSushiList = data.getCombo();
34:                                 
35:                                 String currentCombo = "";
36:                                 


Stacktrace:
		at org.apache.jasper.compiler.DefaultErrorHandler.javacError(DefaultErrorHandler.java:103)
		at org.apache.jasper.compiler.ErrorDispatcher.javacError(ErrorDispatcher.java:213)
		at org.apache.jasper.compiler.JDTCompiler.generateClass(JDTCompiler.java:541)
		at org.apache.jasper.compiler.Compiler.compile(Compiler.java:392)
		at org.apache.jasper.compiler.Compiler.compile(Compiler.java:362)
		at org.apache.jasper.compiler.Compiler.compile(Compiler.java:346)
		at org.apache.jasper.JspCompilationContext.compile(JspCompilationContext.java:605)
		at org.apache.jasper.servlet.JspServletWrapper.service(JspServletWrapper.java:400)
		at org.apache.jasper.servlet.JspServlet.serviceJspFile(JspServlet.java:385)
		at org.apache.jasper.servlet.JspServlet.service(JspServlet.java:329)
		at javax.servlet.http.HttpServlet.service(HttpServlet.java:741)
		at org.apache.catalina.core.ApplicationFilterChain.internalDoFilter(ApplicationFilterChain.java:231)
		at org.apache.catalina.core.ApplicationFilterChain.doFilter(ApplicationFilterChain.java:166)
		at org.apache.tomcat.websocket.server.WsFilter.doFilter(WsFilter.java:53)
		at org.apache.catalina.core.ApplicationFilterChain.internalDoFilter(ApplicationFilterChain.java:193)
		at org.apache.catalina.core.ApplicationFilterChain.doFilter(ApplicationFilterChain.java:166)
		at org.apache.catalina.core.ApplicationDispatcher.invoke(ApplicationDispatcher.java:712)
		at org.apache.catalina.core.ApplicationDispatcher.processRequest(ApplicationDispatcher.java:459)
		at org.apache.catalina.core.ApplicationDispatcher.doForward(ApplicationDispatcher.java:384)
		at org.apache.catalina.core.ApplicationDispatcher.forward(ApplicationDispatcher.java:312)
		at com.controller.MenuController.processRequest(MenuController.java:40)
		at com.controller.MenuController.doGet(MenuController.java:59)
		at javax.servlet.http.HttpServlet.service(HttpServlet.java:634)
		at javax.servlet.http.HttpServlet.service(HttpServlet.java:741)
		at org.apache.catalina.core.ApplicationFilterChain.internalDoFilter(ApplicationFilterChain.java:231)
		at org.apache.catalina.core.ApplicationFilterChain.doFilter(ApplicationFilterChain.java:166)
		at org.apache.tomcat.websocket.server.WsFilter.doFilter(WsFilter.java:53)
		at org.apache.catalina.core.ApplicationFilterChain.internalDoFilter(ApplicationFilterChain.java:193)
		at org.apache.catalina.core.ApplicationFilterChain.doFilter(ApplicationFilterChain.java:166)
		at org.apache.catalina.core.StandardWrapperValve.invoke(StandardWrapperValve.java:202)
		at org.apache.catalina.core.StandardContextValve.invoke(StandardContextValve.java:96)
		at org.apache.catalina.authenticator.AuthenticatorBase.invoke(AuthenticatorBase.java:541)
		at org.apache.catalina.core.StandardHostValve.invoke(StandardHostValve.java:139)
		at org.apache.catalina.valves.ErrorReportValve.invoke(ErrorReportValve.java:92)
		at org.apache.catalina.valves.AbstractAccessLogValve.invoke(AbstractAccessLogValve.java:690)
		at org.apache.catalina.core.StandardEngineValve.invoke(StandardEngineValve.java:74)
		at org.apache.catalina.connector.CoyoteAdapter.service(CoyoteAdapter.java:343)
		at org.apache.coyote.http11.Http11Processor.service(Http11Processor.java:373)
		at org.apache.coyote.AbstractProcessorLight.process(AbstractProcessorLight.java:65)
		at org.apache.coyote.AbstractProtocol$ConnectionHandler.process(AbstractProtocol.java:868)
		at org.apache.tomcat.util.net.NioEndpoint$SocketProcessor.doRun(NioEndpoint.java:1590)
		at org.apache.tomcat.util.net.SocketProcessorBase.run(SocketProcessorBase.java:49)
		at java.base/java.util.concurrent.ThreadPoolExecutor.runWorker(ThreadPoolExecutor.java:1144)
		at java.base/java.util.concurrent.ThreadPoolExecutor$Worker.run(ThreadPoolExecutor.java:642)
		at org.apache.tomcat.util.threads.TaskThread$WrappingRunnable.run(TaskThread.java:61)
		at java.base/java.lang.Thread.run(Thread.java:1589)
06-Oct-2023 11:07:10.240 INFO [main] org.apache.catalina.core.ApplicationContext.log SessionListener: contextDestroyed()
06-Oct-2023 11:07:10.240 INFO [main] org.apache.catalina.core.ApplicationContext.log ContextListener: contextDestroyed()
06-Oct-2023 12:36:20.798 INFO [main] org.apache.catalina.core.ApplicationContext.log ContextListener: contextInitialized()
06-Oct-2023 12:36:20.798 INFO [main] org.apache.catalina.core.ApplicationContext.log SessionListener: contextInitialized()
06-Oct-2023 12:36:20.800 INFO [main] org.apache.catalina.core.ApplicationContext.log ContextListener: attributeAdded('StockTicker', 'async.Stockticker@13662609')
06-Oct-2023 13:49:32.583 INFO [main] org.apache.catalina.core.ApplicationContext.log SessionListener: contextDestroyed()
06-Oct-2023 13:49:32.583 INFO [main] org.apache.catalina.core.ApplicationContext.log ContextListener: contextDestroyed()
06-Oct-2023 13:52:10.367 INFO [main] org.apache.catalina.core.ApplicationContext.log ContextListener: contextInitialized()
06-Oct-2023 13:52:10.368 INFO [main] org.apache.catalina.core.ApplicationContext.log SessionListener: contextInitialized()
06-Oct-2023 13:52:10.370 INFO [main] org.apache.catalina.core.ApplicationContext.log ContextListener: attributeAdded('StockTicker', 'async.Stockticker@7e76a66f')
06-Oct-2023 14:27:54.626 INFO [main] org.apache.catalina.core.ApplicationContext.log SessionListener: contextDestroyed()
06-Oct-2023 14:27:54.626 INFO [main] org.apache.catalina.core.ApplicationContext.log ContextListener: contextDestroyed()
06-Oct-2023 14:38:00.998 INFO [main] org.apache.catalina.core.ApplicationContext.log ContextListener: contextInitialized()
06-Oct-2023 14:38:00.998 INFO [main] org.apache.catalina.core.ApplicationContext.log SessionListener: contextInitialized()
06-Oct-2023 14:38:01.000 INFO [main] org.apache.catalina.core.ApplicationContext.log ContextListener: attributeAdded('StockTicker', 'async.Stockticker@21e39b82')
06-Oct-2023 14:48:01.195 INFO [main] org.apache.catalina.core.ApplicationContext.log SessionListener: contextDestroyed()
06-Oct-2023 14:48:01.197 INFO [main] org.apache.catalina.core.ApplicationContext.log ContextListener: contextDestroyed()
