08-Sep-2023 12:47:56.979 INFO [main] org.apache.catalina.core.ApplicationContext.log ContextListener: contextInitialized()
08-Sep-2023 12:47:56.979 INFO [main] org.apache.catalina.core.ApplicationContext.log SessionListener: contextInitialized()
08-Sep-2023 12:47:56.982 INFO [main] org.apache.catalina.core.ApplicationContext.log ContextListener: attributeAdded('StockTicker', 'async.Stockticker@fd0e5b6')
08-Sep-2023 14:04:15.508 INFO [main] org.apache.catalina.core.ApplicationContext.log SessionListener: contextDestroyed()
08-Sep-2023 14:04:15.508 INFO [main] org.apache.catalina.core.ApplicationContext.log ContextListener: contextDestroyed()
08-Sep-2023 14:04:47.908 INFO [main] org.apache.catalina.core.ApplicationContext.log ContextListener: contextInitialized()
08-Sep-2023 14:04:47.908 INFO [main] org.apache.catalina.core.ApplicationContext.log SessionListener: contextInitialized()
08-Sep-2023 14:04:47.910 INFO [main] org.apache.catalina.core.ApplicationContext.log ContextListener: attributeAdded('StockTicker', 'async.Stockticker@192f2f27')
08-Sep-2023 14:05:29.105 INFO [main] org.apache.catalina.core.ApplicationContext.log SessionListener: contextDestroyed()
08-Sep-2023 14:05:29.105 INFO [main] org.apache.catalina.core.ApplicationContext.log ContextListener: contextDestroyed()
08-Sep-2023 14:06:12.482 INFO [main] org.apache.catalina.core.ApplicationContext.log ContextListener: contextInitialized()
08-Sep-2023 14:06:12.482 INFO [main] org.apache.catalina.core.ApplicationContext.log SessionListener: contextInitialized()
08-Sep-2023 14:06:12.484 INFO [main] org.apache.catalina.core.ApplicationContext.log ContextListener: attributeAdded('StockTicker', 'async.Stockticker@209775a9')
08-Sep-2023 14:35:55.320 SEVERE [http-nio-8080-exec-22] org.apache.catalina.core.StandardWrapperValve.invoke Servlet.service() for servlet [computerServlet] in context with path [/PRJ] threw exception
	java.lang.NumberFormatException: For input string: ""
		at java.base/java.lang.NumberFormatException.forInputString(NumberFormatException.java:67)
		at java.base/java.lang.Integer.parseInt(Integer.java:675)
		at java.base/java.lang.Integer.parseInt(Integer.java:781)
		at computerServlet.doPost(computerServlet.java:17)
		at javax.servlet.http.HttpServlet.service(HttpServlet.java:660)
		at javax.servlet.http.HttpServlet.service(HttpServlet.java:741)
		at org.apache.catalina.core.ApplicationFilterChain.internalDoFilter(ApplicationFilterChain.java:231)
		at org.apache.catalina.core.ApplicationFilterChain.doFilter(ApplicationFilterChain.java:166)
		at org.apache.tomcat.websocket.server.WsFilter.doFilter(WsFilter.java:53)
		at org.apache.catalina.core.ApplicationFilterChain.internalDoFilter(ApplicationFilterChain.java:193)
		at org.apache.catalina.core.ApplicationFilterChain.doFilter(ApplicationFilterChain.java:166)
		at org.apache.catalina.core.StandardWrapperValve.invoke(StandardWrapperValve.java:202)
		at org.apache.catalina.core.StandardContextValve.invoke(StandardContextValve.java:96)
		at org.apache.catalina.authenticator.AuthenticatorBase.invoke(AuthenticatorBase.java:541)
		at org.apache.catalina.core.StandardHostValve.invoke(StandardHostValve.java:139)
		at org.apache.catalina.valves.ErrorReportValve.invoke(ErrorReportValve.java:92)
		at org.apache.catalina.valves.AbstractAccessLogValve.invoke(AbstractAccessLogValve.java:690)
		at org.apache.catalina.core.StandardEngineValve.invoke(StandardEngineValve.java:74)
		at org.apache.catalina.connector.CoyoteAdapter.service(CoyoteAdapter.java:343)
		at org.apache.coyote.http11.Http11Processor.service(Http11Processor.java:373)
		at org.apache.coyote.AbstractProcessorLight.process(AbstractProcessorLight.java:65)
		at org.apache.coyote.AbstractProtocol$ConnectionHandler.process(AbstractProtocol.java:868)
		at org.apache.tomcat.util.net.NioEndpoint$SocketProcessor.doRun(NioEndpoint.java:1590)
		at org.apache.tomcat.util.net.SocketProcessorBase.run(SocketProcessorBase.java:49)
		at java.base/java.util.concurrent.ThreadPoolExecutor.runWorker(ThreadPoolExecutor.java:1144)
		at java.base/java.util.concurrent.ThreadPoolExecutor$Worker.run(ThreadPoolExecutor.java:642)
		at org.apache.tomcat.util.threads.TaskThread$WrappingRunnable.run(TaskThread.java:61)
		at java.base/java.lang.Thread.run(Thread.java:1589)
08-Sep-2023 15:05:13.802 INFO [main] org.apache.catalina.core.ApplicationContext.log SessionListener: contextDestroyed()
08-Sep-2023 15:05:13.802 INFO [main] org.apache.catalina.core.ApplicationContext.log ContextListener: contextDestroyed()
08-Sep-2023 21:46:30.731 INFO [main] org.apache.catalina.core.ApplicationContext.log ContextListener: contextInitialized()
08-Sep-2023 21:46:30.731 INFO [main] org.apache.catalina.core.ApplicationContext.log SessionListener: contextInitialized()
08-Sep-2023 21:46:30.733 INFO [main] org.apache.catalina.core.ApplicationContext.log ContextListener: attributeAdded('StockTicker', 'async.Stockticker@11dee337')
08-Sep-2023 23:48:21.479 INFO [main] org.apache.catalina.core.ApplicationContext.log SessionListener: contextDestroyed()
08-Sep-2023 23:48:21.479 INFO [main] org.apache.catalina.core.ApplicationContext.log ContextListener: contextDestroyed()
